2025-04-20 02:53:26 | Episode 1576/3000 | Score:  31 | Reward: 200.1 | Epsilon: 0.01892400 | Steps: 1031
2025-04-20 02:53:55 | Episode 1577/3000 | Score:  11 | Reward: 67.1 | Epsilon: 0.01884830 | Steps: 341
2025-04-20 02:54:30 | Episode 1578/3000 | Score:  13 | Reward: 75.8 | Epsilon: 0.01877291 | Steps: 456
2025-04-20 02:55:12 | Episode 1579/3000 | Score:  16 | Reward: 91.3 | Epsilon: 0.01869782 | Steps: 604
2025-04-20 02:56:12 | Episode 1580/3000 | Score:  30 | Reward: 202.8 | Epsilon: 0.01862303 | Steps: 903
2025-04-20 02:57:20 | Episode 1581/3000 | Score:  28 | Reward: 173.6 | Epsilon: 0.01854854 | Steps: 993
2025-04-20 02:58:12 | Episode 1582/3000 | Score:  26 | Reward: 180.3 | Epsilon: 0.01847434 | Steps: 724
2025-04-20 02:58:37 | Episode 1583/3000 | Score:   9 | Reward: 49.0 | Epsilon: 0.01840044 | Steps: 320
2025-04-20 02:59:07 | Episode 1584/3000 | Score:  11 | Reward: 62.0 | Epsilon: 0.01832684 | Steps: 392
2025-04-20 02:59:46 | Episode 1585/3000 | Score:  21 | Reward: 147.6 | Epsilon: 0.01825354 | Steps: 546
2025-04-20 03:00:46 | Episode 1586/3000 | Score:  34 | Reward: 236.2 | Epsilon: 0.01818052 | Steps: 973
2025-04-20 03:01:59 | Episode 1587/3000 | Score:  34 | Reward: 212.3 | Epsilon: 0.01810780 | Steps: 1212
2025-04-20 03:02:18 | Episode 1588/3000 | Score:   8 | Reward: 48.2 | Epsilon: 0.01803537 | Steps: 227
2025-04-20 03:03:17 | Episode 1589/3000 | Score:  28 | Reward: 175.7 | Epsilon: 0.01796323 | Steps: 972
2025-04-20 03:03:41 | Episode 1590/3000 | Score:  11 | Reward: 70.6 | Epsilon: 0.01789137 | Steps: 306
2025-04-20 03:04:22 | Episode 1591/3000 | Score:  21 | Reward: 140.1 | Epsilon: 0.01781981 | Steps: 621
2025-04-20 03:04:45 | Episode 1592/3000 | Score:  10 | Reward: 62.3 | Epsilon: 0.01774853 | Steps: 288
2025-04-20 03:05:21 | Episode 1593/3000 | Score:  17 | Reward: 107.4 | Epsilon: 0.01767753 | Steps: 544
2025-04-20 03:06:17 | Episode 1594/3000 | Score:  28 | Reward: 184.3 | Epsilon: 0.01760682 | Steps: 886
2025-04-20 03:06:48 | Episode 1595/3000 | Score:  17 | Reward: 116.8 | Epsilon: 0.01753640 | Steps: 450
2025-04-20 03:07:25 | Episode 1596/3000 | Score:  19 | Reward: 127.5 | Epsilon: 0.01746625 | Steps: 545
2025-04-20 03:08:10 | Episode 1597/3000 | Score:  18 | Reward: 101.1 | Epsilon: 0.01739639 | Steps: 708
2025-04-20 03:08:24 | Episode 1598/3000 | Score:   4 | Reward: 18.3 | Epsilon: 0.01732680 | Steps: 122
2025-04-20 03:08:36 | Episode 1599/3000 | Score:   3 | Reward: 11.8 | Epsilon: 0.01725749 | Steps:  86
2025-04-20 03:08:45 | Episode 1600/3000 | Score:   1 | Reward: -3.5 | Epsilon: 0.01718846 | Steps:  37
2025-04-20 03:18:47 | Episode 1601/3000 | Score:  13 | Reward: 78.5 | Epsilon: 0.01711971 | Steps: 429
2025-04-20 03:19:48 | Episode 1602/3000 | Score:  30 | Reward: 191.9 | Epsilon: 0.01705123 | Steps: 1012
2025-04-20 03:20:08 | Episode 1603/3000 | Score:   3 | Reward: -2.5 | Epsilon: 0.01698302 | Steps: 229
2025-04-20 03:20:43 | Episode 1604/3000 | Score:  17 | Reward: 109.8 | Epsilon: 0.01691509 | Steps: 520
2025-04-20 03:21:14 | Episode 1605/3000 | Score:  14 | Reward: 87.0 | Epsilon: 0.01684743 | Steps: 445
2025-04-20 03:21:27 | Episode 1606/3000 | Score:   5 | Reward: 30.0 | Epsilon: 0.01678004 | Steps: 106
2025-04-20 03:21:48 | Episode 1607/3000 | Score:  11 | Reward: 76.1 | Epsilon: 0.01671292 | Steps: 251
2025-04-20 03:22:09 | Episode 1608/3000 | Score:  11 | Reward: 75.5 | Epsilon: 0.01664607 | Steps: 257
2025-04-20 03:22:24 | Episode 1609/3000 | Score:   4 | Reward: 15.8 | Epsilon: 0.01657948 | Steps: 147
2025-04-20 03:22:58 | Episode 1610/3000 | Score:  18 | Reward: 122.5 | Epsilon: 0.01651317 | Steps: 494
2025-04-20 03:23:22 | Episode 1611/3000 | Score:  10 | Reward: 60.7 | Epsilon: 0.01644711 | Steps: 304
2025-04-20 03:24:41 | Episode 1612/3000 | Score:  33 | Reward: 189.4 | Epsilon: 0.01638133 | Steps: 1340
2025-04-20 03:25:17 | Episode 1613/3000 | Score:  14 | Reward: 78.6 | Epsilon: 0.01631580 | Steps: 529
2025-04-20 03:25:42 | Episode 1614/3000 | Score:   8 | Reward: 39.4 | Epsilon: 0.01625054 | Steps: 315
2025-04-20 03:26:11 | Episode 1615/3000 | Score:  17 | Reward: 120.4 | Epsilon: 0.01618553 | Steps: 414
2025-04-20 03:26:36 | Episode 1616/3000 | Score:   9 | Reward: 48.6 | Epsilon: 0.01612079 | Steps: 324
2025-04-20 03:27:24 | Episode 1617/3000 | Score:  24 | Reward: 156.6 | Epsilon: 0.01605631 | Steps: 759
2025-04-20 03:27:54 | Episode 1618/3000 | Score:  18 | Reward: 129.6 | Epsilon: 0.01599208 | Steps: 423
2025-04-20 03:29:08 | Episode 1619/3000 | Score:  28 | Reward: 148.9 | Epsilon: 0.01592812 | Steps: 1240
2025-04-20 03:30:14 | Episode 1620/3000 | Score:  33 | Reward: 213.9 | Epsilon: 0.01586440 | Steps: 1095
2025-04-20 03:31:26 | Episode 1621/3000 | Score:  36 | Reward: 237.6 | Epsilon: 0.01580095 | Steps: 1161
2025-04-20 03:32:37 | Episode 1622/3000 | Score:  32 | Reward: 194.4 | Epsilon: 0.01573774 | Steps: 1189
2025-04-20 03:33:27 | Episode 1623/3000 | Score:  18 | Reward: 94.2 | Epsilon: 0.01567479 | Steps: 777
2025-04-20 03:35:09 | Episode 1624/3000 | Score:  43 | Reward: 250.3 | Epsilon: 0.01561209 | Steps: 1741
2025-04-20 03:35:54 | Episode 1625/3000 | Score:  19 | Reward: 111.0 | Epsilon: 0.01554964 | Steps: 710
2025-04-20 03:36:24 | Episode 1626/3000 | Score:  13 | Reward: 80.5 | Epsilon: 0.01548744 | Steps: 409
2025-04-20 03:36:49 | Episode 1627/3000 | Score:   7 | Reward: 27.2 | Epsilon: 0.01542549 | Steps: 336
2025-04-20 03:37:11 | Episode 1628/3000 | Score:   6 | Reward: 24.3 | Epsilon: 0.01536379 | Steps: 264
2025-04-20 03:38:05 | Episode 1629/3000 | Score:  25 | Reward: 156.5 | Epsilon: 0.01530234 | Steps: 861
2025-04-20 03:38:19 | Episode 1630/3000 | Score:   0 | Reward: -23.0 | Epsilon: 0.01524113 | Steps: 131
2025-04-20 03:38:35 | Episode 1631/3000 | Score:   2 | Reward: -6.0 | Epsilon: 0.01518016 | Steps: 163
2025-04-20 03:38:56 | Episode 1632/3000 | Score:   4 | Reward: 5.3 | Epsilon: 0.01511944 | Steps: 252
2025-04-20 03:39:40 | Episode 1633/3000 | Score:  12 | Reward: 42.0 | Epsilon: 0.01505897 | Steps: 693
2025-04-20 03:40:27 | Episode 1634/3000 | Score:  18 | Reward: 98.2 | Epsilon: 0.01499873 | Steps: 737
2025-04-20 03:40:43 | Episode 1635/3000 | Score:   1 | Reward: -15.9 | Epsilon: 0.01493873 | Steps: 161
2025-04-20 03:41:08 | Episode 1636/3000 | Score:   4 | Reward: -2.8 | Epsilon: 0.01487898 | Steps: 333
2025-04-20 03:41:48 | Episode 1637/3000 | Score:  19 | Reward: 122.1 | Epsilon: 0.01481946 | Steps: 599
2025-04-20 03:42:32 | Episode 1638/3000 | Score:  15 | Reward: 72.8 | Epsilon: 0.01476019 | Steps: 688
2025-04-20 03:43:13 | Episode 1639/3000 | Score:  21 | Reward: 140.4 | Epsilon: 0.01470115 | Steps: 618
2025-04-20 03:44:26 | Episode 1640/3000 | Score:  34 | Reward: 211.6 | Epsilon: 0.01464234 | Steps: 1219
2025-04-20 03:45:30 | Episode 1641/3000 | Score:  30 | Reward: 190.7 | Epsilon: 0.01458377 | Steps: 1024
2025-04-20 03:46:31 | Episode 1642/3000 | Score:  34 | Reward: 234.1 | Epsilon: 0.01452544 | Steps: 994
2025-04-20 03:47:26 | Episode 1643/3000 | Score:  25 | Reward: 153.3 | Epsilon: 0.01446733 | Steps: 893
2025-04-20 03:47:52 | Episode 1644/3000 | Score:  10 | Reward: 57.1 | Epsilon: 0.01440947 | Steps: 340
2025-04-20 03:49:36 | Episode 1645/3000 | Score:  54 | Reward: 357.3 | Epsilon: 0.01435183 | Steps: 1782
2025-04-20 03:50:15 | Episode 1646/3000 | Score:  20 | Reward: 133.6 | Epsilon: 0.01429442 | Steps: 585
2025-04-20 03:51:05 | Episode 1647/3000 | Score:  32 | Reward: 234.1 | Epsilon: 0.01423724 | Steps: 792
2025-04-20 03:51:54 | Episode 1648/3000 | Score:  28 | Reward: 195.9 | Epsilon: 0.01418029 | Steps: 770
2025-04-20 03:52:54 | Episode 1649/3000 | Score:  33 | Reward: 225.8 | Epsilon: 0.01412357 | Steps: 976
2025-04-20 03:53:51 | Episode 1650/3000 | Score:  29 | Reward: 191.2 | Epsilon: 0.01406708 | Steps: 918
2025-04-20 03:54:04 | Episode 1651/3000 | Score:   5 | Reward: 30.4 | Epsilon: 0.01401081 | Steps: 102
2025-04-20 03:54:42 | Episode 1652/3000 | Score:  18 | Reward: 114.7 | Epsilon: 0.01395477 | Steps: 572
2025-04-20 03:54:59 | Episode 1653/3000 | Score:   2 | Reward: -6.3 | Epsilon: 0.01389895 | Steps: 166
2025-04-20 03:55:58 | Episode 1654/3000 | Score:  24 | Reward: 136.7 | Epsilon: 0.01384335 | Steps: 958
2025-04-20 03:56:47 | Episode 1655/3000 | Score:  24 | Reward: 155.8 | Epsilon: 0.01378798 | Steps: 767
2025-04-20 03:56:59 | Episode 1656/3000 | Score:   2 | Reward: 2.2 | Epsilon: 0.01373283 | Steps:  81
2025-04-20 03:57:21 | Episode 1657/3000 | Score:   9 | Reward: 52.9 | Epsilon: 0.01367789 | Steps: 281
2025-04-20 03:58:01 | Episode 1658/3000 | Score:  18 | Reward: 111.3 | Epsilon: 0.01362318 | Steps: 606
2025-04-20 03:58:32 | Episode 1659/3000 | Score:  13 | Reward: 78.2 | Epsilon: 0.01356869 | Steps: 432
2025-04-20 03:59:02 | Episode 1660/3000 | Score:  11 | Reward: 60.2 | Epsilon: 0.01351442 | Steps: 410
2025-04-20 03:59:53 | Episode 1661/3000 | Score:  22 | Reward: 130.0 | Epsilon: 0.01346036 | Steps: 823
2025-04-20 04:00:27 | Episode 1662/3000 | Score:  11 | Reward: 52.8 | Epsilon: 0.01340652 | Steps: 484
2025-04-20 04:01:05 | Episode 1663/3000 | Score:  15 | Reward: 85.1 | Epsilon: 0.01335289 | Steps: 565
2025-04-20 04:01:26 | Episode 1664/3000 | Score:   6 | Reward: 23.9 | Epsilon: 0.01329948 | Steps: 268
2025-04-20 04:01:51 | Episode 1665/3000 | Score:   8 | Reward: 37.9 | Epsilon: 0.01324628 | Steps: 330
2025-04-20 04:02:53 | Episode 1666/3000 | Score:  23 | Reward: 122.9 | Epsilon: 0.01319330 | Steps: 995
2025-04-20 04:03:19 | Episode 1667/3000 | Score:  11 | Reward: 64.8 | Epsilon: 0.01314052 | Steps: 364
2025-04-20 04:03:58 | Episode 1668/3000 | Score:  18 | Reward: 114.9 | Epsilon: 0.01308796 | Steps: 570
2025-04-20 04:04:40 | Episode 1669/3000 | Score:  20 | Reward: 126.9 | Epsilon: 0.01303561 | Steps: 652
2025-04-20 04:04:50 | Episode 1670/3000 | Score:   2 | Reward: 5.3 | Epsilon: 0.01298347 | Steps:  50
2025-04-20 04:06:05 | Episode 1671/3000 | Score:  37 | Reward: 239.3 | Epsilon: 0.01293153 | Steps: 1245
2025-04-20 04:07:00 | Episode 1672/3000 | Score:  26 | Reward: 165.0 | Epsilon: 0.01287981 | Steps: 877
2025-04-20 04:07:40 | Episode 1673/3000 | Score:  17 | Reward: 100.7 | Epsilon: 0.01282829 | Steps: 611
2025-04-20 04:08:33 | Episode 1674/3000 | Score:  23 | Reward: 137.1 | Epsilon: 0.01277697 | Steps: 853
2025-04-20 04:09:51 | Episode 1675/3000 | Score:  40 | Reward: 264.3 | Epsilon: 0.01272587 | Steps: 1298
2025-04-20 04:10:36 | Episode 1676/3000 | Score:  21 | Reward: 133.6 | Epsilon: 0.01267496 | Steps: 686
2025-04-20 04:11:00 | Episode 1677/3000 | Score:   5 | Reward: 9.5 | Epsilon: 0.01262426 | Steps: 311
2025-04-20 04:11:30 | Episode 1678/3000 | Score:  12 | Reward: 69.6 | Epsilon: 0.01257377 | Steps: 417
2025-04-20 04:11:41 | Episode 1679/3000 | Score:   2 | Reward: 3.1 | Epsilon: 0.01252347 | Steps:  72
2025-04-20 04:12:27 | Episode 1680/3000 | Score:  26 | Reward: 182.0 | Epsilon: 0.01247338 | Steps: 707
2025-04-20 04:13:27 | Episode 1681/3000 | Score:  34 | Reward: 235.1 | Epsilon: 0.01242348 | Steps: 984
2025-04-20 04:14:17 | Episode 1682/3000 | Score:  23 | Reward: 143.8 | Epsilon: 0.01237379 | Steps: 786
2025-04-20 04:14:51 | Episode 1683/3000 | Score:  13 | Reward: 72.5 | Epsilon: 0.01232429 | Steps: 489
2025-04-20 04:15:24 | Episode 1684/3000 | Score:  13 | Reward: 73.7 | Epsilon: 0.01227500 | Steps: 477
2025-04-20 04:16:00 | Episode 1685/3000 | Score:  19 | Reward: 128.9 | Epsilon: 0.01222590 | Steps: 531
2025-04-20 04:16:49 | Episode 1686/3000 | Score:  28 | Reward: 197.1 | Epsilon: 0.01217699 | Steps: 758
2025-04-20 04:18:21 | Episode 1687/3000 | Score:  48 | Reward: 318.4 | Epsilon: 0.01212829 | Steps: 1565
2025-04-20 04:19:23 | Episode 1688/3000 | Score:  36 | Reward: 254.6 | Epsilon: 0.01207977 | Steps: 991
2025-04-20 04:19:46 | Episode 1689/3000 | Score:  10 | Reward: 60.4 | Epsilon: 0.01203145 | Steps: 307
2025-04-20 04:21:29 | Episode 1690/3000 | Score:  54 | Reward: 361.7 | Epsilon: 0.01198333 | Steps: 1738
2025-04-20 04:21:54 | Episode 1691/3000 | Score:  13 | Reward: 87.8 | Epsilon: 0.01193539 | Steps: 336
2025-04-20 04:23:15 | Episode 1692/3000 | Score:  39 | Reward: 249.1 | Epsilon: 0.01188765 | Steps: 1349
2025-04-20 04:23:50 | Episode 1693/3000 | Score:  21 | Reward: 151.4 | Epsilon: 0.01184010 | Steps: 508
2025-04-20 04:24:58 | Episode 1694/3000 | Score:  38 | Reward: 262.5 | Epsilon: 0.01179274 | Steps: 1114
2025-04-20 04:25:47 | Episode 1695/3000 | Score:  24 | Reward: 156.1 | Epsilon: 0.01174557 | Steps: 764
2025-04-20 04:26:52 | Episode 1696/3000 | Score:  35 | Reward: 237.8 | Epsilon: 0.01169859 | Steps: 1058
2025-04-20 04:28:00 | Episode 1697/3000 | Score:  31 | Reward: 192.3 | Epsilon: 0.01165179 | Steps: 1109
2025-04-20 04:29:03 | Episode 1698/3000 | Score:  30 | Reward: 190.8 | Epsilon: 0.01160519 | Steps: 1023
2025-04-20 04:29:48 | Episode 1699/3000 | Score:  21 | Reward: 133.0 | Epsilon: 0.01155877 | Steps: 692
2025-04-20 04:30:12 | Episode 1700/3000 | Score:  11 | Reward: 69.8 | Epsilon: 0.01151253 | Steps: 314
2025-04-20 04:30:50 | Episode 1701/3000 | Score:  18 | Reward: 115.0 | Epsilon: 0.01146648 | Steps: 569
2025-04-20 04:31:42 | Episode 1702/3000 | Score:  27 | Reward: 181.9 | Epsilon: 0.01142061 | Steps: 809
2025-04-20 04:32:00 | Episode 1703/3000 | Score:   5 | Reward: 20.4 | Epsilon: 0.01137493 | Steps: 202
2025-04-20 04:32:21 | Episode 1704/3000 | Score:   6 | Reward: 25.0 | Epsilon: 0.01132943 | Steps: 257
2025-04-20 04:33:05 | Episode 1705/3000 | Score:  23 | Reward: 153.3 | Epsilon: 0.01128411 | Steps: 691
2025-04-20 04:33:48 | Episode 1706/3000 | Score:  23 | Reward: 158.4 | Epsilon: 0.01123898 | Steps: 640
2025-04-20 04:34:10 | Episode 1707/3000 | Score:  11 | Reward: 73.4 | Epsilon: 0.01119402 | Steps: 278
2025-04-20 04:35:13 | Episode 1708/3000 | Score:  39 | Reward: 281.4 | Epsilon: 0.01114925 | Steps: 1026
2025-04-20 04:36:04 | Episode 1709/3000 | Score:  22 | Reward: 133.0 | Epsilon: 0.01110465 | Steps: 793
2025-04-20 04:36:52 | Episode 1710/3000 | Score:  24 | Reward: 157.5 | Epsilon: 0.01106023 | Steps: 750
2025-04-20 04:37:43 | Episode 1711/3000 | Score:  28 | Reward: 192.2 | Epsilon: 0.01101599 | Steps: 807
2025-04-20 04:38:28 | Episode 1712/3000 | Score:  23 | Reward: 153.0 | Epsilon: 0.01097193 | Steps: 694
2025-04-20 04:39:29 | Episode 1713/3000 | Score:  28 | Reward: 174.6 | Epsilon: 0.01092804 | Steps: 983
2025-04-20 04:40:32 | Episode 1714/3000 | Score:  33 | Reward: 220.7 | Epsilon: 0.01088433 | Steps: 1027
2025-04-20 04:40:59 | Episode 1715/3000 | Score:  14 | Reward: 94.8 | Epsilon: 0.01084079 | Steps: 367
2025-04-20 04:42:07 | Episode 1716/3000 | Score:  32 | Reward: 202.8 | Epsilon: 0.01079743 | Steps: 1105
2025-04-20 04:42:59 | Episode 1717/3000 | Score:  24 | Reward: 151.7 | Epsilon: 0.01075424 | Steps: 808
2025-04-20 04:44:09 | Episode 1718/3000 | Score:  38 | Reward: 258.8 | Epsilon: 0.01071122 | Steps: 1151
2025-04-20 04:45:48 | Episode 1719/3000 | Score:  57 | Reward: 397.6 | Epsilon: 0.01066837 | Steps: 1682
2025-04-20 04:46:35 | Episode 1720/3000 | Score:  26 | Reward: 179.2 | Epsilon: 0.01062570 | Steps: 735
2025-04-20 04:47:04 | Episode 1721/3000 | Score:  18 | Reward: 131.8 | Epsilon: 0.01058320 | Steps: 401
2025-04-20 04:47:27 | Episode 1722/3000 | Score:  11 | Reward: 73.0 | Epsilon: 0.01054087 | Steps: 282
2025-04-20 04:48:42 | Episode 1723/3000 | Score:  36 | Reward: 229.3 | Epsilon: 0.01049870 | Steps: 1244
2025-04-20 04:49:03 | Episode 1724/3000 | Score:  11 | Reward: 75.0 | Epsilon: 0.01045671 | Steps: 262
2025-04-20 04:49:40 | Episode 1725/3000 | Score:  23 | Reward: 167.4 | Epsilon: 0.01041488 | Steps: 550
2025-04-20 04:50:41 | Episode 1726/3000 | Score:  29 | Reward: 184.7 | Epsilon: 0.01037322 | Steps: 983
2025-04-20 04:51:17 | Episode 1727/3000 | Score:  15 | Reward: 89.1 | Epsilon: 0.01033173 | Steps: 525
2025-04-20 04:51:31 | Episode 1728/3000 | Score:   5 | Reward: 27.0 | Epsilon: 0.01029040 | Steps: 136
2025-04-20 04:52:27 | Episode 1729/3000 | Score:  26 | Reward: 164.8 | Epsilon: 0.01024924 | Steps: 879
2025-04-20 04:52:54 | Episode 1730/3000 | Score:  16 | Reward: 116.3 | Epsilon: 0.01020824 | Steps: 354
2025-04-20 04:54:04 | Episode 1731/3000 | Score:  36 | Reward: 238.2 | Epsilon: 0.01016741 | Steps: 1155
2025-04-20 04:54:35 | Episode 1732/3000 | Score:  17 | Reward: 118.0 | Epsilon: 0.01012674 | Steps: 438
2025-04-20 04:55:39 | Episode 1733/3000 | Score:  32 | Reward: 211.0 | Epsilon: 0.01008623 | Steps: 1023
2025-04-20 04:56:04 | Episode 1734/3000 | Score:  12 | Reward: 78.6 | Epsilon: 0.01004589 | Steps: 327
2025-04-20 04:56:58 | Episode 1735/3000 | Score:  28 | Reward: 186.5 | Epsilon: 0.01000570 | Steps: 864
2025-04-20 04:58:09 | Episode 1736/3000 | Score:  36 | Reward: 236.9 | Epsilon: 0.00996568 | Steps: 1168
2025-04-20 04:59:32 | Episode 1737/3000 | Score:  46 | Reward: 317.2 | Epsilon: 0.00996568 | Steps: 1375
2025-04-20 05:00:05 | Episode 1738/3000 | Score:  16 | Reward: 104.3 | Epsilon: 0.00996568 | Steps: 474
2025-04-20 05:00:49 | Episode 1739/3000 | Score:  22 | Reward: 145.6 | Epsilon: 0.00996568 | Steps: 667
2025-04-20 05:02:17 | Episode 1740/3000 | Score:  43 | Reward: 275.8 | Epsilon: 0.00996568 | Steps: 1486
2025-04-20 05:03:12 | Episode 1741/3000 | Score:  28 | Reward: 185.4 | Epsilon: 0.00996568 | Steps: 875
2025-04-20 05:04:09 | Episode 1742/3000 | Score:  35 | Reward: 253.2 | Epsilon: 0.00996568 | Steps: 904
2025-04-20 05:04:31 | Episode 1743/3000 | Score:  12 | Reward: 82.1 | Epsilon: 0.00996568 | Steps: 292
2025-04-20 05:05:33 | Episode 1744/3000 | Score:  30 | Reward: 195.3 | Epsilon: 0.00996568 | Steps: 978
2025-04-20 05:07:02 | Episode 1745/3000 | Score:  41 | Reward: 253.4 | Epsilon: 0.00996568 | Steps: 1508
2025-04-20 05:08:22 | Episode 1746/3000 | Score:  42 | Reward: 281.0 | Epsilon: 0.00996568 | Steps: 1333
2025-04-20 05:09:03 | Episode 1747/3000 | Score:  23 | Reward: 160.1 | Epsilon: 0.00996568 | Steps: 623
2025-04-20 05:09:49 | Episode 1748/3000 | Score:  27 | Reward: 191.7 | Epsilon: 0.00996568 | Steps: 711
2025-04-20 05:10:06 | Episode 1749/3000 | Score:   6 | Reward: 33.8 | Epsilon: 0.00996568 | Steps: 169
2025-04-20 05:11:02 | Episode 1750/3000 | Score:  34 | Reward: 244.6 | Epsilon: 0.00996568 | Steps: 889
2025-04-20 05:12:39 | Episode 1751/3000 | Score:  57 | Reward: 400.7 | Epsilon: 0.00996568 | Steps: 1651
2025-04-20 05:13:43 | Episode 1752/3000 | Score:  36 | Reward: 250.8 | Epsilon: 0.00996568 | Steps: 1029
2025-04-20 05:14:55 | Episode 1753/3000 | Score:  39 | Reward: 264.9 | Epsilon: 0.00996568 | Steps: 1191
2025-04-20 05:15:23 | Episode 1754/3000 | Score:  18 | Reward: 133.9 | Epsilon: 0.00996568 | Steps: 380
2025-04-20 05:16:19 | Episode 1755/3000 | Score:  33 | Reward: 234.3 | Epsilon: 0.00996568 | Steps: 891
2025-04-20 05:17:37 | Episode 1756/3000 | Score:  43 | Reward: 295.3 | Epsilon: 0.00996568 | Steps: 1291
2025-04-20 05:18:30 | Episode 1757/3000 | Score:  29 | Reward: 199.1 | Epsilon: 0.00996568 | Steps: 839
2025-04-20 05:19:40 | Episode 1758/3000 | Score:  41 | Reward: 289.3 | Epsilon: 0.00996568 | Steps: 1149
2025-04-20 05:20:25 | Episode 1759/3000 | Score:  30 | Reward: 225.1 | Epsilon: 0.00996568 | Steps: 680
2025-04-20 05:20:55 | Episode 1760/3000 | Score:  14 | Reward: 89.9 | Epsilon: 0.00996568 | Steps: 416
2025-04-20 05:21:36 | Episode 1761/3000 | Score:  23 | Reward: 160.6 | Epsilon: 0.00996568 | Steps: 618
2025-04-20 05:22:28 | Episode 1762/3000 | Score:  26 | Reward: 170.6 | Epsilon: 0.00996568 | Steps: 821
2025-04-20 05:23:13 | Episode 1763/3000 | Score:  28 | Reward: 204.3 | Epsilon: 0.00996568 | Steps: 686
2025-04-20 05:23:46 | Episode 1764/3000 | Score:  17 | Reward: 114.2 | Epsilon: 0.00996568 | Steps: 476
2025-04-20 05:24:27 | Episode 1765/3000 | Score:  21 | Reward: 141.2 | Epsilon: 0.00996568 | Steps: 610
2025-04-20 05:25:46 | Episode 1766/3000 | Score:  40 | Reward: 261.3 | Epsilon: 0.00996568 | Steps: 1328
2025-04-20 05:26:17 | Episode 1767/3000 | Score:  12 | Reward: 67.7 | Epsilon: 0.00996568 | Steps: 436
2025-04-20 05:27:16 | Episode 1768/3000 | Score:  34 | Reward: 239.1 | Epsilon: 0.00996568 | Steps: 944
2025-04-20 05:28:18 | Episode 1769/3000 | Score:  28 | Reward: 172.5 | Epsilon: 0.00996568 | Steps: 1004
2025-04-20 05:29:38 | Episode 1770/3000 | Score:  41 | Reward: 273.2 | Epsilon: 0.00996568 | Steps: 1310
2025-04-20 05:31:04 | Episode 1771/3000 | Score:  43 | Reward: 279.7 | Epsilon: 0.00996568 | Steps: 1447
2025-04-20 05:31:23 | Episode 1772/3000 | Score:   7 | Reward: 39.2 | Epsilon: 0.00996568 | Steps: 216
2025-04-20 05:33:02 | Episode 1773/3000 | Score:  44 | Reward: 266.9 | Epsilon: 0.00996568 | Steps: 1676
2025-04-20 05:33:42 | Episode 1774/3000 | Score:  19 | Reward: 121.8 | Epsilon: 0.00996568 | Steps: 602
2025-04-20 05:34:36 | Episode 1775/3000 | Score:  29 | Reward: 198.4 | Epsilon: 0.00996568 | Steps: 846
2025-04-20 05:35:13 | Episode 1776/3000 | Score:  14 | Reward: 77.5 | Epsilon: 0.00996568 | Steps: 540
2025-04-20 05:36:03 | Episode 1777/3000 | Score:  22 | Reward: 134.1 | Epsilon: 0.00996568 | Steps: 782
2025-04-20 05:36:36 | Episode 1778/3000 | Score:  16 | Reward: 103.0 | Epsilon: 0.00996568 | Steps: 487
2025-04-20 05:37:05 | Episode 1779/3000 | Score:  11 | Reward: 61.4 | Epsilon: 0.00996568 | Steps: 398
2025-04-20 05:38:06 | Episode 1780/3000 | Score:  31 | Reward: 206.0 | Epsilon: 0.00996568 | Steps: 972
2025-04-20 05:38:44 | Episode 1781/3000 | Score:  21 | Reward: 145.0 | Epsilon: 0.00996568 | Steps: 572
2025-04-20 05:39:15 | Episode 1782/3000 | Score:  12 | Reward: 67.7 | Epsilon: 0.00996568 | Steps: 436
2025-04-20 05:39:54 | Episode 1783/3000 | Score:  21 | Reward: 145.4 | Epsilon: 0.00996568 | Steps: 568
2025-04-20 05:40:41 | Episode 1784/3000 | Score:  19 | Reward: 108.6 | Epsilon: 0.00996568 | Steps: 734
2025-04-20 05:41:42 | Episode 1785/3000 | Score:  34 | Reward: 236.6 | Epsilon: 0.00996568 | Steps: 969
2025-04-20 05:42:39 | Episode 1786/3000 | Score:  30 | Reward: 201.2 | Epsilon: 0.00996568 | Steps: 919
2025-04-20 05:43:42 | Episode 1787/3000 | Score:  32 | Reward: 209.6 | Epsilon: 0.00996568 | Steps: 1037
2025-04-20 05:44:19 | Episode 1788/3000 | Score:  20 | Reward: 138.0 | Epsilon: 0.00996568 | Steps: 541
2025-04-20 05:45:05 | Episode 1789/3000 | Score:  20 | Reward: 121.2 | Epsilon: 0.00996568 | Steps: 709
2025-04-20 05:46:06 | Episode 1790/3000 | Score:  32 | Reward: 214.6 | Epsilon: 0.00996568 | Steps: 987
2025-04-20 05:46:38 | Episode 1791/3000 | Score:  16 | Reward: 108.3 | Epsilon: 0.00996568 | Steps: 434
2025-04-20 05:47:07 | Episode 1792/3000 | Score:  11 | Reward: 60.4 | Epsilon: 0.00996568 | Steps: 408
2025-04-20 05:47:39 | Episode 1793/3000 | Score:  18 | Reward: 125.9 | Epsilon: 0.00996568 | Steps: 460
2025-04-20 05:48:20 | Episode 1794/3000 | Score:  22 | Reward: 151.9 | Epsilon: 0.00996568 | Steps: 604
2025-04-20 05:48:54 | Episode 1795/3000 | Score:  10 | Reward: 41.3 | Epsilon: 0.00996568 | Steps: 498
2025-04-20 05:49:03 | Episode 1796/3000 | Score:   3 | Reward: 16.5 | Epsilon: 0.00996568 | Steps:  39
2025-04-20 05:49:16 | Episode 1797/3000 | Score:   3 | Reward: 10.2 | Epsilon: 0.00996568 | Steps: 102
2025-04-20 05:49:36 | Episode 1798/3000 | Score:   8 | Reward: 46.3 | Epsilon: 0.00996568 | Steps: 246
2025-04-20 05:50:18 | Episode 1799/3000 | Score:  18 | Reward: 109.8 | Epsilon: 0.00996568 | Steps: 621
2025-04-20 05:50:54 | Episode 1800/3000 | Score:  19 | Reward: 128.9 | Epsilon: 0.00996568 | Steps: 531
2025-04-20 05:51:28 | Episode 1801/3000 | Score:  19 | Reward: 133.4 | Epsilon: 0.00996568 | Steps: 486
2025-04-20 05:52:44 | Episode 1802/3000 | Score:  41 | Reward: 277.3 | Epsilon: 0.00996568 | Steps: 1269
2025-04-20 05:53:27 | Episode 1803/3000 | Score:  18 | Reward: 105.8 | Epsilon: 0.00996568 | Steps: 661
2025-04-20 05:53:42 | Episode 1804/3000 | Score:   3 | Reward: 6.2 | Epsilon: 0.00996568 | Steps: 142
2025-04-20 05:54:46 | Episode 1805/3000 | Score:  31 | Reward: 198.7 | Epsilon: 0.00996568 | Steps: 1045
2025-04-20 05:55:19 | Episode 1806/3000 | Score:  15 | Reward: 93.5 | Epsilon: 0.00996568 | Steps: 481
2025-04-20 05:55:43 | Episode 1807/3000 | Score:  11 | Reward: 70.4 | Epsilon: 0.00996568 | Steps: 308
2025-04-20 05:56:35 | Episode 1808/3000 | Score:  24 | Reward: 151.8 | Epsilon: 0.00996568 | Steps: 807
2025-04-20 05:57:09 | Episode 1809/3000 | Score:  16 | Reward: 103.1 | Epsilon: 0.00996568 | Steps: 486
2025-04-20 05:57:54 | Episode 1810/3000 | Score:  22 | Reward: 142.3 | Epsilon: 0.00996568 | Steps: 700
2025-04-20 05:58:56 | Episode 1811/3000 | Score:  33 | Reward: 224.8 | Epsilon: 0.00996568 | Steps: 986
2025-04-20 05:59:32 | Episode 1812/3000 | Score:  13 | Reward: 68.5 | Epsilon: 0.00996568 | Steps: 529
2025-04-20 06:00:15 | Episode 1813/3000 | Score:  24 | Reward: 166.7 | Epsilon: 0.00996568 | Steps: 658
2025-04-20 06:01:15 | Episode 1814/3000 | Score:  27 | Reward: 167.6 | Epsilon: 0.00996568 | Steps: 952
2025-04-20 06:02:22 | Episode 1815/3000 | Score:  35 | Reward: 233.8 | Epsilon: 0.00996568 | Steps: 1098
2025-04-20 06:02:57 | Episode 1816/3000 | Score:  17 | Reward: 111.5 | Epsilon: 0.00996568 | Steps: 503
2025-04-20 06:03:32 | Episode 1817/3000 | Score:  17 | Reward: 111.0 | Epsilon: 0.00996568 | Steps: 508
2025-04-20 06:03:56 | Episode 1818/3000 | Score:  11 | Reward: 70.3 | Epsilon: 0.00996568 | Steps: 309
2025-04-20 06:04:44 | Episode 1819/3000 | Score:  23 | Reward: 147.0 | Epsilon: 0.00996568 | Steps: 754
2025-04-20 06:05:26 | Episode 1820/3000 | Score:  20 | Reward: 128.7 | Epsilon: 0.00996568 | Steps: 634
2025-04-20 06:06:01 | Episode 1821/3000 | Score:  18 | Reward: 120.7 | Epsilon: 0.00996568 | Steps: 512
2025-04-20 06:07:00 | Episode 1822/3000 | Score:  29 | Reward: 188.5 | Epsilon: 0.00996568 | Steps: 945
2025-04-20 06:08:12 | Episode 1823/3000 | Score:  39 | Reward: 265.9 | Epsilon: 0.00996568 | Steps: 1181
2025-04-20 06:08:46 | Episode 1824/3000 | Score:  15 | Reward: 93.2 | Epsilon: 0.00996568 | Steps: 484
2025-04-20 06:09:03 | Episode 1825/3000 | Score:   7 | Reward: 42.3 | Epsilon: 0.00996568 | Steps: 185
2025-04-20 06:09:41 | Episode 1826/3000 | Score:  17 | Reward: 105.2 | Epsilon: 0.00996568 | Steps: 566
2025-04-20 06:10:22 | Episode 1827/3000 | Score:  20 | Reward: 130.0 | Epsilon: 0.00996568 | Steps: 621
2025-04-20 06:10:56 | Episode 1828/3000 | Score:  19 | Reward: 133.5 | Epsilon: 0.00996568 | Steps: 485
2025-04-20 06:11:59 | Episode 1829/3000 | Score:  31 | Reward: 200.9 | Epsilon: 0.00996568 | Steps: 1023
2025-04-20 06:12:18 | Episode 1830/3000 | Score:   8 | Reward: 49.4 | Epsilon: 0.00996568 | Steps: 215
2025-04-20 06:12:57 | Episode 1831/3000 | Score:  21 | Reward: 144.3 | Epsilon: 0.00996568 | Steps: 579
2025-04-20 06:14:06 | Episode 1832/3000 | Score:  30 | Reward: 180.7 | Epsilon: 0.00996568 | Steps: 1124
2025-04-20 06:14:53 | Episode 1833/3000 | Score:  22 | Reward: 139.9 | Epsilon: 0.00996568 | Steps: 724
2025-04-20 06:15:47 | Episode 1834/3000 | Score:  31 | Reward: 217.2 | Epsilon: 0.00996568 | Steps: 860
2025-04-20 06:16:22 | Episode 1835/3000 | Score:  13 | Reward: 70.5 | Epsilon: 0.00996568 | Steps: 509
2025-04-20 06:17:27 | Episode 1836/3000 | Score:  32 | Reward: 206.4 | Epsilon: 0.00996568 | Steps: 1069
2025-04-20 06:18:00 | Episode 1837/3000 | Score:  17 | Reward: 115.6 | Epsilon: 0.00996568 | Steps: 462
2025-04-20 06:19:07 | Episode 1838/3000 | Score:  32 | Reward: 204.1 | Epsilon: 0.00996568 | Steps: 1092
2025-04-20 06:19:36 | Episode 1839/3000 | Score:  15 | Reward: 100.9 | Epsilon: 0.00996568 | Steps: 407
2025-04-20 06:20:21 | Episode 1840/3000 | Score:  19 | Reward: 113.6 | Epsilon: 0.00996568 | Steps: 684
2025-04-20 06:20:48 | Episode 1841/3000 | Score:  11 | Reward: 65.0 | Epsilon: 0.00996568 | Steps: 362
2025-04-20 06:21:31 | Episode 1842/3000 | Score:  23 | Reward: 156.3 | Epsilon: 0.00996568 | Steps: 661
2025-04-20 06:22:31 | Episode 1843/3000 | Score:  29 | Reward: 188.3 | Epsilon: 0.00996568 | Steps: 947
2025-04-20 06:23:37 | Episode 1844/3000 | Score:  30 | Reward: 184.0 | Epsilon: 0.00996568 | Steps: 1091
2025-04-20 06:24:26 | Episode 1845/3000 | Score:  24 | Reward: 157.3 | Epsilon: 0.00996568 | Steps: 752
2025-04-20 06:24:51 | Episode 1846/3000 | Score:  10 | Reward: 58.3 | Epsilon: 0.00996568 | Steps: 328
2025-04-20 06:25:16 | Episode 1847/3000 | Score:  11 | Reward: 68.9 | Epsilon: 0.00996568 | Steps: 323
2025-04-20 06:25:51 | Episode 1848/3000 | Score:  15 | Reward: 90.5 | Epsilon: 0.00996568 | Steps: 511
2025-04-20 06:26:06 | Episode 1849/3000 | Score:   5 | Reward: 24.4 | Epsilon: 0.00996568 | Steps: 162
2025-04-20 06:26:44 | Episode 1850/3000 | Score:  20 | Reward: 136.5 | Epsilon: 0.00996568 | Steps: 556
2025-04-20 06:27:08 | Episode 1851/3000 | Score:   5 | Reward: 8.7 | Epsilon: 0.00996568 | Steps: 319
2025-04-20 06:27:53 | Episode 1852/3000 | Score:  25 | Reward: 175.7 | Epsilon: 0.00996568 | Steps: 669
2025-04-20 06:28:20 | Episode 1853/3000 | Score:  12 | Reward: 73.5 | Epsilon: 0.00996568 | Steps: 378
2025-04-20 06:29:03 | Episode 1854/3000 | Score:  22 | Reward: 147.6 | Epsilon: 0.00996568 | Steps: 647
2025-04-20 06:29:58 | Episode 1855/3000 | Score:  30 | Reward: 205.6 | Epsilon: 0.00996568 | Steps: 875
2025-04-20 06:31:14 | Episode 1856/3000 | Score:  35 | Reward: 218.8 | Epsilon: 0.00996568 | Steps: 1248
2025-04-20 06:31:39 | Episode 1857/3000 | Score:   9 | Reward: 48.1 | Epsilon: 0.00996568 | Steps: 329
2025-04-20 06:32:17 | Episode 1858/3000 | Score:  17 | Reward: 106.1 | Epsilon: 0.00996568 | Steps: 557
2025-04-20 06:33:13 | Episode 1859/3000 | Score:  25 | Reward: 153.0 | Epsilon: 0.00996568 | Steps: 896
2025-04-20 06:33:46 | Episode 1860/3000 | Score:  16 | Reward: 103.7 | Epsilon: 0.00996568 | Steps: 480
2025-04-20 06:34:55 | Episode 1861/3000 | Score:  37 | Reward: 251.7 | Epsilon: 0.00996568 | Steps: 1121
2025-04-20 06:36:05 | Episode 1862/3000 | Score:  36 | Reward: 237.8 | Epsilon: 0.00996568 | Steps: 1159
2025-04-20 06:36:32 | Episode 1863/3000 | Score:  12 | Reward: 75.2 | Epsilon: 0.00996568 | Steps: 361
2025-04-20 06:37:09 | Episode 1864/3000 | Score:  20 | Reward: 137.3 | Epsilon: 0.00996568 | Steps: 548
2025-04-20 06:38:28 | Episode 1865/3000 | Score:  43 | Reward: 294.0 | Epsilon: 0.00996568 | Steps: 1304
2025-04-20 06:39:36 | Episode 1866/3000 | Score:  37 | Reward: 252.5 | Epsilon: 0.00996568 | Steps: 1113
2025-04-20 06:40:39 | Episode 1867/3000 | Score:  31 | Reward: 200.4 | Epsilon: 0.00996568 | Steps: 1028
2025-04-20 06:41:39 | Episode 1868/3000 | Score:  35 | Reward: 247.2 | Epsilon: 0.00996568 | Steps: 964
2025-04-20 06:42:24 | Episode 1869/3000 | Score:  21 | Reward: 133.7 | Epsilon: 0.00996568 | Steps: 685
2025-04-20 06:43:00 | Episode 1870/3000 | Score:  21 | Reward: 149.9 | Epsilon: 0.00996568 | Steps: 523
2025-04-20 06:43:30 | Episode 1871/3000 | Score:  12 | Reward: 69.4 | Epsilon: 0.00996568 | Steps: 419
2025-04-20 06:45:40 | Episode 1872/3000 | Score:  64 | Reward: 411.7 | Epsilon: 0.00996568 | Steps: 2248
2025-04-20 06:46:47 | Episode 1873/3000 | Score:  35 | Reward: 234.1 | Epsilon: 0.00996568 | Steps: 1095
2025-04-20 06:47:33 | Episode 1874/3000 | Score:  25 | Reward: 172.0 | Epsilon: 0.00996568 | Steps: 706
2025-04-20 06:48:36 | Episode 1875/3000 | Score:  32 | Reward: 210.8 | Epsilon: 0.00996568 | Steps: 1025
2025-04-20 06:49:44 | Episode 1876/3000 | Score:  35 | Reward: 232.9 | Epsilon: 0.00996568 | Steps: 1107
2025-04-20 06:50:34 | Episode 1877/3000 | Score:  26 | Reward: 174.2 | Epsilon: 0.00996568 | Steps: 785
2025-04-20 06:51:45 | Episode 1878/3000 | Score:  41 | Reward: 287.2 | Epsilon: 0.00996568 | Steps: 1170
2025-04-20 06:52:25 | Episode 1879/3000 | Score:  23 | Reward: 163.6 | Epsilon: 0.00996568 | Steps: 588
2025-04-20 06:53:03 | Episode 1880/3000 | Score:  20 | Reward: 134.8 | Epsilon: 0.00996568 | Steps: 573
2025-04-20 06:53:41 | Episode 1881/3000 | Score:  14 | Reward: 75.6 | Epsilon: 0.00996568 | Steps: 559
2025-04-20 06:54:28 | Episode 1882/3000 | Score:  28 | Reward: 200.4 | Epsilon: 0.00996568 | Steps: 725
2025-04-20 06:55:34 | Episode 1883/3000 | Score:  36 | Reward: 245.6 | Epsilon: 0.00996568 | Steps: 1081
2025-04-20 06:56:21 | Episode 1884/3000 | Score:  31 | Reward: 230.7 | Epsilon: 0.00996568 | Steps: 725
2025-04-20 06:57:11 | Episode 1885/3000 | Score:  30 | Reward: 214.4 | Epsilon: 0.00996568 | Steps: 787
2025-04-20 06:58:15 | Episode 1886/3000 | Score:  35 | Reward: 239.7 | Epsilon: 0.00996568 | Steps: 1039
2025-04-20 06:58:55 | Episode 1887/3000 | Score:  18 | Reward: 111.5 | Epsilon: 0.00996568 | Steps: 604
2025-04-20 06:59:35 | Episode 1888/3000 | Score:  21 | Reward: 142.1 | Epsilon: 0.00996568 | Steps: 601
2025-04-20 07:00:19 | Episode 1889/3000 | Score:  26 | Reward: 186.1 | Epsilon: 0.00996568 | Steps: 666
2025-04-20 07:01:10 | Episode 1890/3000 | Score:  27 | Reward: 182.1 | Epsilon: 0.00996568 | Steps: 807
2025-04-20 07:02:02 | Episode 1891/3000 | Score:  29 | Reward: 200.7 | Epsilon: 0.00996568 | Steps: 823
2025-04-20 07:02:54 | Episode 1892/3000 | Score:  28 | Reward: 191.2 | Epsilon: 0.00996568 | Steps: 817
2025-04-20 07:03:50 | Episode 1893/3000 | Score:  28 | Reward: 182.9 | Epsilon: 0.00996568 | Steps: 900
2025-04-20 07:05:09 | Episode 1894/3000 | Score:  39 | Reward: 251.8 | Epsilon: 0.00996568 | Steps: 1322
2025-04-20 07:06:19 | Episode 1895/3000 | Score:  34 | Reward: 219.2 | Epsilon: 0.00996568 | Steps: 1143
2025-04-20 07:07:07 | Episode 1896/3000 | Score:  25 | Reward: 167.2 | Epsilon: 0.00996568 | Steps: 754
2025-04-20 07:07:54 | Episode 1897/3000 | Score:  26 | Reward: 180.5 | Epsilon: 0.00996568 | Steps: 722
2025-04-20 07:08:13 | Episode 1898/3000 | Score:   3 | Reward: -1.1 | Epsilon: 0.00996568 | Steps: 215
2025-04-20 07:08:53 | Episode 1899/3000 | Score:  21 | Reward: 140.8 | Epsilon: 0.00996568 | Steps: 614
2025-04-20 07:09:04 | Episode 1900/3000 | Score:   4 | Reward: 24.2 | Epsilon: 0.00996568 | Steps:  63
2025-04-20 07:09:57 | Episode 1901/3000 | Score:  25 | Reward: 158.3 | Epsilon: 0.00996568 | Steps: 843
2025-04-20 07:11:06 | Episode 1902/3000 | Score:  38 | Reward: 261.6 | Epsilon: 0.00996568 | Steps: 1123
2025-04-20 07:11:37 | Episode 1903/3000 | Score:  14 | Reward: 87.0 | Epsilon: 0.00996568 | Steps: 445
2025-04-20 07:11:55 | Episode 1904/3000 | Score:   7 | Reward: 42.1 | Epsilon: 0.00996568 | Steps: 187
2025-04-20 07:12:54 | Episode 1905/3000 | Score:  30 | Reward: 196.8 | Epsilon: 0.00996568 | Steps: 963
2025-04-20 07:13:40 | Episode 1906/3000 | Score:  25 | Reward: 172.3 | Epsilon: 0.00996568 | Steps: 703
2025-04-20 07:13:59 | Episode 1907/3000 | Score:   9 | Reward: 60.4 | Epsilon: 0.00996568 | Steps: 206
2025-04-20 07:15:07 | Episode 1908/3000 | Score:  40 | Reward: 282.2 | Epsilon: 0.00996568 | Steps: 1119
2025-04-20 07:15:54 | Episode 1909/3000 | Score:  30 | Reward: 221.6 | Epsilon: 0.00996568 | Steps: 715
2025-04-20 07:16:23 | Episode 1910/3000 | Score:  14 | Reward: 91.3 | Epsilon: 0.00996568 | Steps: 402
2025-04-20 07:17:04 | Episode 1911/3000 | Score:  22 | Reward: 150.6 | Epsilon: 0.00996568 | Steps: 617
2025-04-20 07:17:33 | Episode 1912/3000 | Score:  13 | Reward: 81.1 | Epsilon: 0.00996568 | Steps: 403
2025-04-20 07:18:22 | Episode 1913/3000 | Score:  28 | Reward: 196.4 | Epsilon: 0.00996568 | Steps: 765
2025-04-20 07:18:48 | Episode 1914/3000 | Score:  12 | Reward: 76.8 | Epsilon: 0.00996568 | Steps: 345
2025-04-20 07:20:05 | Episode 1915/3000 | Score:  42 | Reward: 287.9 | Epsilon: 0.00996568 | Steps: 1264
2025-04-20 07:20:52 | Episode 1916/3000 | Score:  27 | Reward: 190.6 | Epsilon: 0.00996568 | Steps: 722
2025-04-20 07:22:14 | Episode 1917/3000 | Score:  40 | Reward: 257.7 | Epsilon: 0.00996568 | Steps: 1364
2025-04-20 07:22:57 | Episode 1918/3000 | Score:  24 | Reward: 165.0 | Epsilon: 0.00996568 | Steps: 675
2025-04-20 07:24:30 | Episode 1919/3000 | Score:  42 | Reward: 258.2 | Epsilon: 0.00996568 | Steps: 1561
2025-04-20 07:25:06 | Episode 1920/3000 | Score:  17 | Reward: 110.0 | Epsilon: 0.00996568 | Steps: 518
2025-04-20 07:25:59 | Episode 1921/3000 | Score:  29 | Reward: 198.9 | Epsilon: 0.00996568 | Steps: 841
2025-04-20 07:26:23 | Episode 1922/3000 | Score:  11 | Reward: 70.4 | Epsilon: 0.00996568 | Steps: 308
2025-04-20 07:26:58 | Episode 1923/3000 | Score:  14 | Reward: 80.3 | Epsilon: 0.00996568 | Steps: 512
2025-04-20 07:27:35 | Episode 1924/3000 | Score:  21 | Reward: 147.8 | Epsilon: 0.00996568 | Steps: 544
2025-04-20 07:28:27 | Episode 1925/3000 | Score:  26 | Reward: 171.7 | Epsilon: 0.00996568 | Steps: 810
2025-04-20 07:29:35 | Episode 1926/3000 | Score:  31 | Reward: 191.1 | Epsilon: 0.00996568 | Steps: 1121
2025-04-20 07:31:11 | Episode 1927/3000 | Score:  53 | Reward: 363.9 | Epsilon: 0.00996568 | Steps: 1615
2025-04-20 07:31:36 | Episode 1928/3000 | Score:  12 | Reward: 79.2 | Epsilon: 0.00996568 | Steps: 321
2025-04-20 07:32:36 | Episode 1929/3000 | Score:  30 | Reward: 196.9 | Epsilon: 0.00996568 | Steps: 962
2025-04-20 07:33:05 | Episode 1930/3000 | Score:  14 | Reward: 91.3 | Epsilon: 0.00996568 | Steps: 402
2025-04-20 07:33:31 | Episode 1931/3000 | Score:  12 | Reward: 77.2 | Epsilon: 0.00996568 | Steps: 341
2025-04-20 07:34:41 | Episode 1932/3000 | Score:  36 | Reward: 239.5 | Epsilon: 0.00996568 | Steps: 1142
2025-04-20 07:35:23 | Episode 1933/3000 | Score:  23 | Reward: 158.5 | Epsilon: 0.00996568 | Steps: 639
2025-04-20 07:36:05 | Episode 1934/3000 | Score:  23 | Reward: 158.4 | Epsilon: 0.00996568 | Steps: 640
2025-04-20 07:36:29 | Episode 1935/3000 | Score:  14 | Reward: 100.8 | Epsilon: 0.00996568 | Steps: 307
2025-04-20 07:37:09 | Episode 1936/3000 | Score:  15 | Reward: 83.1 | Epsilon: 0.00996568 | Steps: 585
2025-04-20 07:38:28 | Episode 1937/3000 | Score:  43 | Reward: 292.5 | Epsilon: 0.00996568 | Steps: 1319
2025-04-20 07:38:50 | Episode 1938/3000 | Score:  10 | Reward: 64.3 | Epsilon: 0.00996568 | Steps: 268
2025-04-20 07:39:44 | Episode 1939/3000 | Score:  29 | Reward: 197.0 | Epsilon: 0.00996568 | Steps: 860
2025-04-20 07:40:32 | Episode 1940/3000 | Score:  23 | Reward: 148.2 | Epsilon: 0.00996568 | Steps: 742
2025-04-20 07:41:06 | Episode 1941/3000 | Score:  17 | Reward: 112.8 | Epsilon: 0.00996568 | Steps: 490
2025-04-20 07:42:43 | Episode 1942/3000 | Score:  46 | Reward: 291.5 | Epsilon: 0.00996568 | Steps: 1632
2025-04-20 07:43:32 | Episode 1943/3000 | Score:  25 | Reward: 166.6 | Epsilon: 0.00996568 | Steps: 760
2025-04-20 07:44:27 | Episode 1944/3000 | Score:  26 | Reward: 164.4 | Epsilon: 0.00996568 | Steps: 883
2025-04-20 07:45:23 | Episode 1945/3000 | Score:  27 | Reward: 173.9 | Epsilon: 0.00996568 | Steps: 889
2025-04-20 07:46:42 | Episode 1946/3000 | Score:  42 | Reward: 282.6 | Epsilon: 0.00996568 | Steps: 1317
2025-04-20 07:47:31 | Episode 1947/3000 | Score:  27 | Reward: 186.9 | Epsilon: 0.00996568 | Steps: 759
2025-04-20 07:48:34 | Episode 1948/3000 | Score:  39 | Reward: 281.6 | Epsilon: 0.00996568 | Steps: 1024
2025-04-20 07:48:59 | Episode 1949/3000 | Score:  11 | Reward: 69.1 | Epsilon: 0.00996568 | Steps: 321
2025-04-20 07:49:41 | Episode 1950/3000 | Score:  22 | Reward: 149.0 | Epsilon: 0.00996568 | Steps: 633
2025-04-20 07:50:27 | Episode 1951/3000 | Score:  24 | Reward: 161.4 | Epsilon: 0.00996568 | Steps: 711
2025-04-20 07:51:17 | Episode 1952/3000 | Score:  24 | Reward: 153.4 | Epsilon: 0.00996568 | Steps: 791
2025-04-20 07:51:52 | Episode 1953/3000 | Score:  17 | Reward: 112.5 | Epsilon: 0.00996568 | Steps: 493
2025-04-20 07:52:08 | Episode 1954/3000 | Score:   7 | Reward: 43.1 | Epsilon: 0.00996568 | Steps: 177
2025-04-20 07:53:16 | Episode 1955/3000 | Score:  35 | Reward: 233.1 | Epsilon: 0.00996568 | Steps: 1105
2025-04-20 07:54:06 | Episode 1956/3000 | Score:  21 | Reward: 124.9 | Epsilon: 0.00996568 | Steps: 773
2025-04-20 07:55:03 | Episode 1957/3000 | Score:  26 | Reward: 161.0 | Epsilon: 0.00996568 | Steps: 917
2025-04-20 07:56:04 | Episode 1958/3000 | Score:  30 | Reward: 194.2 | Epsilon: 0.00996568 | Steps: 989
2025-04-20 07:56:48 | Episode 1959/3000 | Score:  21 | Reward: 135.9 | Epsilon: 0.00996568 | Steps: 663
2025-04-20 07:57:43 | Episode 1960/3000 | Score:  29 | Reward: 195.3 | Epsilon: 0.00996568 | Steps: 877
2025-04-20 07:58:28 | Episode 1961/3000 | Score:  27 | Reward: 194.9 | Epsilon: 0.00996568 | Steps: 679
2025-04-20 07:59:33 | Episode 1962/3000 | Score:  34 | Reward: 227.0 | Epsilon: 0.00996568 | Steps: 1065
2025-04-20 08:00:28 | Episode 1963/3000 | Score:  33 | Reward: 235.8 | Epsilon: 0.00996568 | Steps: 876
2025-04-20 08:02:33 | Episode 1964/3000 | Score:  63 | Reward: 411.0 | Epsilon: 0.00996568 | Steps: 2154
2025-04-20 08:03:12 | Episode 1965/3000 | Score:  20 | Reward: 133.7 | Epsilon: 0.00996568 | Steps: 584
2025-04-20 08:03:53 | Episode 1966/3000 | Score:  25 | Reward: 181.4 | Epsilon: 0.00996568 | Steps: 612
2025-04-20 08:04:48 | Episode 1967/3000 | Score:  26 | Reward: 164.9 | Epsilon: 0.00996568 | Steps: 878
2025-04-20 08:05:29 | Episode 1968/3000 | Score:  22 | Reward: 151.3 | Epsilon: 0.00996568 | Steps: 610
2025-04-20 08:06:22 | Episode 1969/3000 | Score:  27 | Reward: 178.3 | Epsilon: 0.00996568 | Steps: 845
2025-04-20 08:06:47 | Episode 1970/3000 | Score:  12 | Reward: 78.9 | Epsilon: 0.00996568 | Steps: 324
2025-04-20 08:07:09 | Episode 1971/3000 | Score:   6 | Reward: 23.5 | Epsilon: 0.00996568 | Steps: 272
2025-04-20 08:08:11 | Episode 1972/3000 | Score:  29 | Reward: 184.2 | Epsilon: 0.00996568 | Steps: 988
2025-04-20 08:09:12 | Episode 1973/3000 | Score:  30 | Reward: 193.6 | Epsilon: 0.00996568 | Steps: 995
2025-04-20 08:09:34 | Episode 1974/3000 | Score:   6 | Reward: 23.6 | Epsilon: 0.00996568 | Steps: 271
2025-04-20 08:09:56 | Episode 1975/3000 | Score:  10 | Reward: 63.7 | Epsilon: 0.00996568 | Steps: 274
2025-04-20 08:09:56 | ✅ Modell gespeichert: models/V4\snake_model_v1975.h5
2025-04-20 08:10:40 | Episode 1976/3000 | Score:  23 | Reward: 155.5 | Epsilon: 0.00996568 | Steps: 669
2025-04-20 08:11:32 | Episode 1977/3000 | Score:  27 | Reward: 181.2 | Epsilon: 0.00996568 | Steps: 816
2025-04-20 08:12:12 | Episode 1978/3000 | Score:  23 | Reward: 161.5 | Epsilon: 0.00996568 | Steps: 609
2025-04-20 08:13:30 | Episode 1979/3000 | Score:  42 | Reward: 287.2 | Epsilon: 0.00996568 | Steps: 1271
2025-04-20 08:14:46 | Episode 1980/3000 | Score:  36 | Reward: 226.9 | Epsilon: 0.00996568 | Steps: 1268
2025-04-20 08:15:06 | Episode 1981/3000 | Score:   7 | Reward: 37.2 | Epsilon: 0.00996568 | Steps: 236
2025-04-20 08:15:22 | Episode 1982/3000 | Score:   1 | Reward: -15.4 | Epsilon: 0.00996568 | Steps: 156
2025-04-20 08:15:58 | Episode 1983/3000 | Score:  21 | Reward: 148.7 | Epsilon: 0.00996568 | Steps: 535
2025-04-20 08:16:41 | Episode 1984/3000 | Score:  21 | Reward: 137.2 | Epsilon: 0.00996568 | Steps: 650
2025-04-20 08:17:04 | Episode 1985/3000 | Score:  10 | Reward: 63.3 | Epsilon: 0.00996568 | Steps: 278
2025-04-20 08:18:18 | Episode 1986/3000 | Score:  36 | Reward: 232.1 | Epsilon: 0.00996568 | Steps: 1216
2025-04-20 08:18:57 | Episode 1987/3000 | Score:  16 | Reward: 93.4 | Epsilon: 0.00996568 | Steps: 583
2025-04-20 08:19:45 | Episode 1988/3000 | Score:  25 | Reward: 166.8 | Epsilon: 0.00996568 | Steps: 758
2025-04-20 08:20:19 | Episode 1989/3000 | Score:  12 | Reward: 64.1 | Epsilon: 0.00996568 | Steps: 472
2025-04-20 08:21:05 | Episode 1990/3000 | Score:  21 | Reward: 130.7 | Epsilon: 0.00996568 | Steps: 715
2025-04-20 08:21:43 | Episode 1991/3000 | Score:  18 | Reward: 115.0 | Epsilon: 0.00996568 | Steps: 569
2025-04-20 08:22:30 | Episode 1992/3000 | Score:  26 | Reward: 179.3 | Epsilon: 0.00996568 | Steps: 734
2025-04-20 08:23:18 | Episode 1993/3000 | Score:  25 | Reward: 168.5 | Epsilon: 0.00996568 | Steps: 741
2025-04-20 08:24:14 | Episode 1994/3000 | Score:  28 | Reward: 184.7 | Epsilon: 0.00996568 | Steps: 882
2025-04-20 08:24:36 | Episode 1995/3000 | Score:   9 | Reward: 53.3 | Epsilon: 0.00996568 | Steps: 277
2025-04-20 08:25:14 | Episode 1996/3000 | Score:  15 | Reward: 86.9 | Epsilon: 0.00996568 | Steps: 547
2025-04-20 08:26:09 | Episode 1997/3000 | Score:  21 | Reward: 113.5 | Epsilon: 0.00996568 | Steps: 887
2025-04-20 08:26:28 | Episode 1998/3000 | Score:   3 | Reward: 0.2 | Epsilon: 0.00996568 | Steps: 202
2025-04-20 08:27:05 | Episode 1999/3000 | Score:  16 | Reward: 97.3 | Epsilon: 0.00996568 | Steps: 544
2025-04-20 08:27:56 | Episode 2000/3000 | Score:  28 | Reward: 192.2 | Epsilon: 0.00996568 | Steps: 807
2025-04-20 08:27:56 | ✅ Modell gespeichert: models/V4\snake_model_v2000.h5
2025-04-20 08:29:12 | Episode 2001/3000 | Score:  36 | Reward: 229.6 | Epsilon: 0.00996568 | Steps: 1241
2025-04-20 08:30:06 | Episode 2002/3000 | Score:  25 | Reward: 157.0 | Epsilon: 0.00996568 | Steps: 856
2025-04-20 08:30:32 | Episode 2003/3000 | Score:  10 | Reward: 56.7 | Epsilon: 0.00996568 | Steps: 344
2025-04-20 08:32:17 | Episode 2004/3000 | Score:  53 | Reward: 347.0 | Epsilon: 0.00996568 | Steps: 1784
2025-04-20 08:33:08 | Episode 2005/3000 | Score:  25 | Reward: 162.4 | Epsilon: 0.00996568 | Steps: 802
2025-04-20 08:34:21 | Episode 2006/3000 | Score:  40 | Reward: 272.8 | Epsilon: 0.00996568 | Steps: 1213
2025-04-20 08:35:18 | Episode 2007/3000 | Score:  28 | Reward: 182.0 | Epsilon: 0.00996568 | Steps: 909
2025-04-20 08:35:49 | Episode 2008/3000 | Score:  14 | Reward: 88.1 | Epsilon: 0.00996568 | Steps: 434
2025-04-20 08:36:47 | Episode 2009/3000 | Score:  35 | Reward: 253.2 | Epsilon: 0.00996568 | Steps: 904
2025-04-20 08:37:29 | Episode 2010/3000 | Score:  18 | Reward: 106.3 | Epsilon: 0.00996568 | Steps: 656
2025-04-20 08:37:46 | Episode 2011/3000 | Score:   7 | Reward: 43.7 | Epsilon: 0.00996568 | Steps: 171
2025-04-20 08:38:16 | Episode 2012/3000 | Score:  16 | Reward: 109.6 | Epsilon: 0.00996568 | Steps: 421
2025-04-20 08:39:27 | Episode 2013/3000 | Score:  38 | Reward: 256.4 | Epsilon: 0.00996568 | Steps: 1175
2025-04-20 08:40:57 | Episode 2014/3000 | Score:  45 | Reward: 294.5 | Epsilon: 0.00996568 | Steps: 1501
2025-04-20 08:41:31 | Episode 2015/3000 | Score:  16 | Reward: 102.6 | Epsilon: 0.00996568 | Steps: 491
2025-04-20 08:41:49 | Episode 2016/3000 | Score:   2 | Reward: -9.2 | Epsilon: 0.00996568 | Steps: 195
2025-04-20 08:42:41 | Episode 2017/3000 | Score:  29 | Reward: 201.8 | Epsilon: 0.00996568 | Steps: 812
2025-04-20 08:43:08 | Episode 2018/3000 | Score:   9 | Reward: 44.1 | Epsilon: 0.00996568 | Steps: 369
2025-04-20 08:44:06 | Episode 2019/3000 | Score:  35 | Reward: 251.0 | Epsilon: 0.00996568 | Steps: 926
2025-04-20 08:44:54 | Episode 2020/3000 | Score:  21 | Reward: 127.6 | Epsilon: 0.00996568 | Steps: 746
2025-04-20 08:45:42 | Episode 2021/3000 | Score:  20 | Reward: 120.1 | Epsilon: 0.00996568 | Steps: 720
2025-04-20 08:46:08 | Episode 2022/3000 | Score:  11 | Reward: 67.3 | Epsilon: 0.00996568 | Steps: 339
2025-04-20 08:46:42 | Episode 2023/3000 | Score:  19 | Reward: 134.2 | Epsilon: 0.00996568 | Steps: 478
2025-04-20 08:47:02 | Episode 2024/3000 | Score:   5 | Reward: 16.7 | Epsilon: 0.00996568 | Steps: 239
2025-04-20 08:48:36 | Episode 2025/3000 | Score:  51 | Reward: 347.9 | Epsilon: 0.00996568 | Steps: 1573
2025-04-20 08:48:36 | ✅ Modell gespeichert: models/V4\snake_model_v2025.h5
2025-04-20 08:49:24 | Episode 2026/3000 | Score:  21 | Reward: 128.2 | Epsilon: 0.00996568 | Steps: 740
2025-04-20 08:49:58 | Episode 2027/3000 | Score:  13 | Reward: 73.4 | Epsilon: 0.00996568 | Steps: 480
2025-04-20 08:50:33 | Episode 2028/3000 | Score:  15 | Reward: 91.5 | Epsilon: 0.00996568 | Steps: 501
2025-04-20 08:51:14 | Episode 2029/3000 | Score:  21 | Reward: 139.6 | Epsilon: 0.00996568 | Steps: 626
2025-04-20 08:51:48 | Episode 2030/3000 | Score:  15 | Reward: 92.8 | Epsilon: 0.00996568 | Steps: 488
2025-04-20 08:52:30 | Episode 2031/3000 | Score:  26 | Reward: 190.1 | Epsilon: 0.00996568 | Steps: 626
2025-04-20 08:54:01 | Episode 2032/3000 | Score:  47 | Reward: 312.1 | Epsilon: 0.00996568 | Steps: 1527
2025-04-20 08:54:49 | Episode 2033/3000 | Score:  26 | Reward: 179.2 | Epsilon: 0.00996568 | Steps: 735
2025-04-20 08:55:32 | Episode 2034/3000 | Score:  23 | Reward: 156.8 | Epsilon: 0.00996568 | Steps: 656
2025-04-20 08:56:19 | Episode 2035/3000 | Score:  22 | Reward: 139.2 | Epsilon: 0.00996568 | Steps: 731
2025-04-20 08:56:49 | Episode 2036/3000 | Score:  13 | Reward: 78.8 | Epsilon: 0.00996568 | Steps: 426
2025-04-20 08:57:20 | Episode 2037/3000 | Score:  17 | Reward: 118.8 | Epsilon: 0.00996568 | Steps: 430
2025-04-20 08:58:33 | Episode 2038/3000 | Score:  35 | Reward: 222.9 | Epsilon: 0.00996568 | Steps: 1207
2025-04-20 08:59:02 | Episode 2039/3000 | Score:  14 | Reward: 93.1 | Epsilon: 0.00996568 | Steps: 384
2025-04-20 08:59:31 | Episode 2040/3000 | Score:  14 | Reward: 90.6 | Epsilon: 0.00996568 | Steps: 409
2025-04-20 09:00:26 | Episode 2041/3000 | Score:  27 | Reward: 176.4 | Epsilon: 0.00996568 | Steps: 864
2025-04-20 09:01:01 | Episode 2042/3000 | Score:  13 | Reward: 69.4 | Epsilon: 0.00996568 | Steps: 520
2025-04-20 09:02:00 | Episode 2043/3000 | Score:  31 | Reward: 209.7 | Epsilon: 0.00996568 | Steps: 935
2025-04-20 09:03:05 | Episode 2044/3000 | Score:  27 | Reward: 155.3 | Epsilon: 0.00996568 | Steps: 1075
2025-04-20 09:03:43 | Episode 2045/3000 | Score:  17 | Reward: 106.2 | Epsilon: 0.00996568 | Steps: 556
2025-04-20 09:04:47 | Episode 2046/3000 | Score:  33 | Reward: 219.8 | Epsilon: 0.00996568 | Steps: 1036
2025-04-20 09:05:14 | Episode 2047/3000 | Score:  10 | Reward: 53.6 | Epsilon: 0.00996568 | Steps: 375
2025-04-20 09:05:30 | Episode 2048/3000 | Score:   8 | Reward: 54.5 | Epsilon: 0.00996568 | Steps: 164
2025-04-20 09:06:19 | Episode 2049/3000 | Score:  26 | Reward: 176.4 | Epsilon: 0.00996568 | Steps: 763
2025-04-20 09:07:01 | Episode 2050/3000 | Score:  21 | Reward: 139.3 | Epsilon: 0.00996568 | Steps: 629
2025-04-20 09:07:01 | ✅ Modell gespeichert: models/V4\snake_model_v2050.h5
2025-04-20 09:07:42 | Episode 2051/3000 | Score:  19 | Reward: 121.2 | Epsilon: 0.00996568 | Steps: 608
2025-04-20 09:08:22 | Episode 2052/3000 | Score:  26 | Reward: 193.1 | Epsilon: 0.00996568 | Steps: 596
2025-04-20 09:09:02 | Episode 2053/3000 | Score:  21 | Reward: 140.6 | Epsilon: 0.00996568 | Steps: 616
2025-04-20 09:09:54 | Episode 2054/3000 | Score:  26 | Reward: 171.8 | Epsilon: 0.00996568 | Steps: 809
2025-04-20 09:11:14 | Episode 2055/3000 | Score:  48 | Reward: 341.9 | Epsilon: 0.00996568 | Steps: 1330
2025-04-20 09:12:08 | Episode 2056/3000 | Score:  28 | Reward: 187.0 | Epsilon: 0.00996568 | Steps: 859
2025-04-20 09:12:51 | Episode 2057/3000 | Score:  17 | Reward: 97.4 | Epsilon: 0.00996568 | Steps: 644
2025-04-20 09:13:59 | Episode 2058/3000 | Score:  34 | Reward: 222.9 | Epsilon: 0.00996568 | Steps: 1106
2025-04-20 09:15:07 | Episode 2059/3000 | Score:  38 | Reward: 261.4 | Epsilon: 0.00996568 | Steps: 1125
2025-04-20 09:15:50 | Episode 2060/3000 | Score:  20 | Reward: 127.3 | Epsilon: 0.00996568 | Steps: 648
2025-04-20 09:16:05 | Episode 2061/3000 | Score:   7 | Reward: 45.6 | Epsilon: 0.00996568 | Steps: 152
2025-04-20 09:16:41 | Episode 2062/3000 | Score:  18 | Reward: 119.0 | Epsilon: 0.00996568 | Steps: 529
2025-04-20 09:17:20 | Episode 2063/3000 | Score:  18 | Reward: 114.4 | Epsilon: 0.00996568 | Steps: 575
2025-04-20 09:18:48 | Episode 2064/3000 | Score:  48 | Reward: 327.3 | Epsilon: 0.00996568 | Steps: 1476
2025-04-20 09:20:00 | Episode 2065/3000 | Score:  38 | Reward: 255.4 | Epsilon: 0.00996568 | Steps: 1185
2025-04-20 09:20:47 | Episode 2066/3000 | Score:  22 | Reward: 138.6 | Epsilon: 0.00996568 | Steps: 737
2025-04-20 09:21:35 | Episode 2067/3000 | Score:  28 | Reward: 200.4 | Epsilon: 0.00996568 | Steps: 725
2025-04-20 09:22:15 | Episode 2068/3000 | Score:  19 | Reward: 120.8 | Epsilon: 0.00996568 | Steps: 612
2025-04-20 09:23:06 | Episode 2069/3000 | Score:  22 | Reward: 133.3 | Epsilon: 0.00996568 | Steps: 790
2025-04-20 09:24:32 | Episode 2070/3000 | Score:  50 | Reward: 351.8 | Epsilon: 0.00996568 | Steps: 1433
2025-04-20 09:25:41 | Episode 2071/3000 | Score:  38 | Reward: 261.7 | Epsilon: 0.00996568 | Steps: 1122
2025-04-20 09:26:34 | Episode 2072/3000 | Score:  36 | Reward: 269.6 | Epsilon: 0.00996568 | Steps: 841
2025-04-20 09:26:59 | Episode 2073/3000 | Score:   9 | Reward: 48.1 | Epsilon: 0.00996568 | Steps: 329
2025-04-20 09:28:51 | Episode 2074/3000 | Score:  65 | Reward: 455.1 | Epsilon: 0.00996568 | Steps: 1915
2025-04-20 09:29:33 | Episode 2075/3000 | Score:  21 | Reward: 138.7 | Epsilon: 0.00996568 | Steps: 635
2025-04-20 09:29:33 | ✅ Modell gespeichert: models/V4\snake_model_v2075.h5
2025-04-20 09:30:58 | Episode 2076/3000 | Score:  45 | Reward: 302.7 | Epsilon: 0.00996568 | Steps: 1419
2025-04-20 09:31:41 | Episode 2077/3000 | Score:  23 | Reward: 156.3 | Epsilon: 0.00996568 | Steps: 661
2025-04-20 09:32:56 | Episode 2078/3000 | Score:  36 | Reward: 231.2 | Epsilon: 0.00996568 | Steps: 1225
2025-04-20 09:33:43 | Episode 2079/3000 | Score:  25 | Reward: 169.2 | Epsilon: 0.00996568 | Steps: 734
2025-04-20 09:35:05 | Episode 2080/3000 | Score:  43 | Reward: 286.2 | Epsilon: 0.00996568 | Steps: 1382
2025-04-20 09:36:09 | Episode 2081/3000 | Score:  37 | Reward: 260.3 | Epsilon: 0.00996568 | Steps: 1035
2025-04-20 09:37:10 | Episode 2082/3000 | Score:  28 | Reward: 175.9 | Epsilon: 0.00996568 | Steps: 970
2025-04-20 09:38:11 | Episode 2083/3000 | Score:  33 | Reward: 224.3 | Epsilon: 0.00996568 | Steps: 991
2025-04-20 09:39:01 | Episode 2084/3000 | Score:  27 | Reward: 184.4 | Epsilon: 0.00996568 | Steps: 784
2025-04-20 09:39:49 | Episode 2085/3000 | Score:  27 | Reward: 187.7 | Epsilon: 0.00996568 | Steps: 751
2025-04-20 09:40:35 | Episode 2086/3000 | Score:  22 | Reward: 142.2 | Epsilon: 0.00996568 | Steps: 701
2025-04-20 09:41:29 | Episode 2087/3000 | Score:  30 | Reward: 208.0 | Epsilon: 0.00996568 | Steps: 851
2025-04-20 09:42:25 | Episode 2088/3000 | Score:  29 | Reward: 193.0 | Epsilon: 0.00996568 | Steps: 900
2025-04-20 09:42:43 | Episode 2089/3000 | Score:   8 | Reward: 51.0 | Epsilon: 0.00996568 | Steps: 199
2025-04-20 09:43:06 | Episode 2090/3000 | Score:  12 | Reward: 81.1 | Epsilon: 0.00996568 | Steps: 302
2025-04-20 09:43:41 | Episode 2091/3000 | Score:  19 | Reward: 131.8 | Epsilon: 0.00996568 | Steps: 502
2025-04-20 09:44:30 | Episode 2092/3000 | Score:  28 | Reward: 195.7 | Epsilon: 0.00996568 | Steps: 772
2025-04-20 09:45:20 | Episode 2093/3000 | Score:  25 | Reward: 164.2 | Epsilon: 0.00996568 | Steps: 784
2025-04-20 09:45:43 | Episode 2094/3000 | Score:  10 | Reward: 62.9 | Epsilon: 0.00996568 | Steps: 282
2025-04-20 09:46:53 | Episode 2095/3000 | Score:  39 | Reward: 268.3 | Epsilon: 0.00996568 | Steps: 1157
2025-04-20 09:47:21 | Episode 2096/3000 | Score:  16 | Reward: 113.7 | Epsilon: 0.00996568 | Steps: 380
2025-04-20 09:47:37 | Episode 2097/3000 | Score:   6 | Reward: 34.3 | Epsilon: 0.00996568 | Steps: 164
2025-04-20 09:48:17 | Episode 2098/3000 | Score:  22 | Reward: 153.9 | Epsilon: 0.00996568 | Steps: 584
2025-04-20 09:49:32 | Episode 2099/3000 | Score:  40 | Reward: 269.9 | Epsilon: 0.00996568 | Steps: 1242
2025-04-20 09:50:11 | Episode 2100/3000 | Score:  22 | Reward: 152.9 | Epsilon: 0.00996568 | Steps: 594
2025-04-20 09:50:12 | ✅ Modell gespeichert: models/V4\snake_model_v2100.h5
2025-04-20 09:50:31 | Episode 2101/3000 | Score:   7 | Reward: 38.3 | Epsilon: 0.00996568 | Steps: 225
2025-04-20 09:51:57 | Episode 2102/3000 | Score:  41 | Reward: 259.3 | Epsilon: 0.00996568 | Steps: 1449
2025-04-20 09:52:15 | Episode 2103/3000 | Score:   3 | Reward: 0.6 | Epsilon: 0.00996568 | Steps: 198
2025-04-20 09:52:57 | Episode 2104/3000 | Score:  17 | Reward: 99.2 | Epsilon: 0.00996568 | Steps: 626
2025-04-20 09:54:03 | Episode 2105/3000 | Score:  34 | Reward: 226.1 | Epsilon: 0.00996568 | Steps: 1074
2025-04-20 09:54:36 | Episode 2106/3000 | Score:  12 | Reward: 63.9 | Epsilon: 0.00996568 | Steps: 474
2025-04-20 09:54:48 | Episode 2107/3000 | Score:   5 | Reward: 30.3 | Epsilon: 0.00996568 | Steps: 103
2025-04-20 09:55:05 | Episode 2108/3000 | Score:   2 | Reward: -6.8 | Epsilon: 0.00996568 | Steps: 171
2025-04-20 09:55:23 | Episode 2109/3000 | Score:   3 | Reward: 1.0 | Epsilon: 0.00996568 | Steps: 194
2025-04-20 09:55:46 | Episode 2110/3000 | Score:  12 | Reward: 81.0 | Epsilon: 0.00996568 | Steps: 303
2025-04-20 09:56:25 | Episode 2111/3000 | Score:  17 | Reward: 103.5 | Epsilon: 0.00996568 | Steps: 583
2025-04-20 09:57:06 | Episode 2112/3000 | Score:  19 | Reward: 120.9 | Epsilon: 0.00996568 | Steps: 611
2025-04-20 09:57:56 | Episode 2113/3000 | Score:  26 | Reward: 174.7 | Epsilon: 0.00996568 | Steps: 780
2025-04-20 09:58:49 | Episode 2114/3000 | Score:  27 | Reward: 177.7 | Epsilon: 0.00996568 | Steps: 851
2025-04-20 10:00:01 | Episode 2115/3000 | Score:  33 | Reward: 205.4 | Epsilon: 0.00996568 | Steps: 1180
2025-04-20 10:01:24 | Episode 2116/3000 | Score:  42 | Reward: 276.5 | Epsilon: 0.00996568 | Steps: 1378
2025-04-20 10:02:39 | Episode 2117/3000 | Score:  42 | Reward: 292.0 | Epsilon: 0.00996568 | Steps: 1223
2025-04-20 10:02:58 | Episode 2118/3000 | Score:   5 | Reward: 18.2 | Epsilon: 0.00996568 | Steps: 224
2025-04-20 10:03:46 | Episode 2119/3000 | Score:  28 | Reward: 199.2 | Epsilon: 0.00996568 | Steps: 737
2025-04-20 10:04:44 | Episode 2120/3000 | Score:  30 | Reward: 200.5 | Epsilon: 0.00996568 | Steps: 926
2025-04-20 10:05:14 | Episode 2121/3000 | Score:  13 | Reward: 79.3 | Epsilon: 0.00996568 | Steps: 421
2025-04-20 10:05:45 | Episode 2122/3000 | Score:  19 | Reward: 138.3 | Epsilon: 0.00996568 | Steps: 437
2025-04-20 10:06:39 | Episode 2123/3000 | Score:  23 | Reward: 137.1 | Epsilon: 0.00996568 | Steps: 853
2025-04-20 10:07:40 | Episode 2124/3000 | Score:  32 | Reward: 213.8 | Epsilon: 0.00996568 | Steps: 995
2025-04-20 10:08:12 | Episode 2125/3000 | Score:  15 | Reward: 96.9 | Epsilon: 0.00996568 | Steps: 447
2025-04-20 10:08:12 | ✅ Modell gespeichert: models/V4\snake_model_v2125.h5
2025-04-20 10:08:49 | Episode 2126/3000 | Score:  18 | Reward: 117.0 | Epsilon: 0.00996568 | Steps: 549
2025-04-20 10:09:28 | Episode 2127/3000 | Score:  14 | Reward: 73.4 | Epsilon: 0.00996568 | Steps: 581
2025-04-20 10:10:07 | Episode 2128/3000 | Score:  18 | Reward: 114.2 | Epsilon: 0.00996568 | Steps: 577
2025-04-20 10:10:47 | Episode 2129/3000 | Score:  24 | Reward: 172.8 | Epsilon: 0.00996568 | Steps: 597
2025-04-20 10:11:40 | Episode 2130/3000 | Score:  31 | Reward: 219.0 | Epsilon: 0.00996568 | Steps: 842
2025-04-20 10:12:21 | Episode 2131/3000 | Score:  20 | Reward: 131.3 | Epsilon: 0.00996568 | Steps: 608
2025-04-20 10:13:43 | Episode 2132/3000 | Score:  42 | Reward: 277.0 | Epsilon: 0.00996568 | Steps: 1373
2025-04-20 10:14:40 | Episode 2133/3000 | Score:  25 | Reward: 151.7 | Epsilon: 0.00996568 | Steps: 909
2025-04-20 10:15:38 | Episode 2134/3000 | Score:  29 | Reward: 189.7 | Epsilon: 0.00996568 | Steps: 933
2025-04-20 10:16:53 | Episode 2135/3000 | Score:  37 | Reward: 240.4 | Epsilon: 0.00996568 | Steps: 1234
2025-04-20 10:18:07 | Episode 2136/3000 | Score:  39 | Reward: 262.0 | Epsilon: 0.00996568 | Steps: 1220
2025-04-20 10:19:09 | Episode 2137/3000 | Score:  28 | Reward: 173.3 | Epsilon: 0.00996568 | Steps: 996
2025-04-20 10:19:28 | Episode 2138/3000 | Score:   3 | Reward: -0.9 | Epsilon: 0.00996568 | Steps: 213
2025-04-20 10:20:22 | Episode 2139/3000 | Score:  30 | Reward: 208.2 | Epsilon: 0.00996568 | Steps: 849
2025-04-20 10:21:03 | Episode 2140/3000 | Score:  23 | Reward: 160.6 | Epsilon: 0.00996568 | Steps: 618
2025-04-20 10:21:51 | Episode 2141/3000 | Score:  23 | Reward: 148.3 | Epsilon: 0.00996568 | Steps: 741
2025-04-20 10:22:44 | Episode 2142/3000 | Score:  32 | Reward: 229.2 | Epsilon: 0.00996568 | Steps: 841
2025-04-20 10:23:44 | Episode 2143/3000 | Score:  30 | Reward: 198.0 | Epsilon: 0.00996568 | Steps: 951
2025-04-20 10:24:34 | Episode 2144/3000 | Score:  24 | Reward: 153.7 | Epsilon: 0.00996568 | Steps: 788
2025-04-20 10:25:45 | Episode 2145/3000 | Score:  42 | Reward: 298.1 | Epsilon: 0.00996568 | Steps: 1162
2025-04-20 10:26:23 | Episode 2146/3000 | Score:  19 | Reward: 123.9 | Epsilon: 0.00996568 | Steps: 581
2025-04-20 10:26:58 | Episode 2147/3000 | Score:  14 | Reward: 80.9 | Epsilon: 0.00996568 | Steps: 506
2025-04-20 10:28:32 | Episode 2148/3000 | Score:  54 | Reward: 377.1 | Epsilon: 0.00996568 | Steps: 1584
2025-04-20 10:29:51 | Episode 2149/3000 | Score:  39 | Reward: 253.0 | Epsilon: 0.00996568 | Steps: 1310
2025-04-20 10:31:00 | Episode 2150/3000 | Score:  34 | Reward: 221.4 | Epsilon: 0.00996568 | Steps: 1121
2025-04-20 10:31:00 | ✅ Modell gespeichert: models/V4\snake_model_v2150.h5
2025-04-20 10:31:41 | Episode 2151/3000 | Score:  21 | Reward: 141.9 | Epsilon: 0.00996568 | Steps: 603
2025-04-20 10:32:44 | Episode 2152/3000 | Score:  32 | Reward: 210.7 | Epsilon: 0.00996568 | Steps: 1026
2025-04-20 10:33:10 | Episode 2153/3000 | Score:  13 | Reward: 87.0 | Epsilon: 0.00996568 | Steps: 344
2025-04-20 10:33:35 | Episode 2154/3000 | Score:   7 | Reward: 29.2 | Epsilon: 0.00996568 | Steps: 316
2025-04-20 10:34:48 | Episode 2155/3000 | Score:  36 | Reward: 233.9 | Epsilon: 0.00996568 | Steps: 1198
2025-04-20 10:35:33 | Episode 2156/3000 | Score:  22 | Reward: 142.6 | Epsilon: 0.00996568 | Steps: 697
2025-04-20 10:36:20 | Episode 2157/3000 | Score:  26 | Reward: 178.9 | Epsilon: 0.00996568 | Steps: 738
2025-04-20 10:37:31 | Episode 2158/3000 | Score:  44 | Reward: 319.2 | Epsilon: 0.00996568 | Steps: 1153
2025-04-20 10:38:46 | Episode 2159/3000 | Score:  38 | Reward: 250.2 | Epsilon: 0.00996568 | Steps: 1237
2025-04-20 10:40:18 | Episode 2160/3000 | Score:  49 | Reward: 329.8 | Epsilon: 0.00996568 | Steps: 1552
2025-04-20 10:41:26 | Episode 2161/3000 | Score:  39 | Reward: 273.2 | Epsilon: 0.00996568 | Steps: 1108
2025-04-20 10:42:12 | Episode 2162/3000 | Score:  29 | Reward: 213.0 | Epsilon: 0.00996568 | Steps: 700
2025-04-20 10:43:26 | Episode 2163/3000 | Score:  43 | Reward: 301.3 | Epsilon: 0.00996568 | Steps: 1231
2025-04-20 10:44:11 | Episode 2164/3000 | Score:  23 | Reward: 153.7 | Epsilon: 0.00996568 | Steps: 687
2025-04-20 10:44:29 | Episode 2165/3000 | Score:  10 | Reward: 71.4 | Epsilon: 0.00996568 | Steps: 197
2025-04-20 10:45:51 | Episode 2166/3000 | Score:  49 | Reward: 348.5 | Epsilon: 0.00996568 | Steps: 1365
2025-04-20 10:46:14 | Episode 2167/3000 | Score:   8 | Reward: 42.0 | Epsilon: 0.00996568 | Steps: 289
2025-04-20 10:47:19 | Episode 2168/3000 | Score:  36 | Reward: 248.3 | Epsilon: 0.00996568 | Steps: 1054
2025-04-20 10:48:30 | Episode 2169/3000 | Score:  38 | Reward: 258.1 | Epsilon: 0.00996568 | Steps: 1158
2025-04-20 10:49:10 | Episode 2170/3000 | Score:  14 | Reward: 70.4 | Epsilon: 0.00996568 | Steps: 611
2025-04-20 10:49:59 | Episode 2171/3000 | Score:  27 | Reward: 187.1 | Epsilon: 0.00996568 | Steps: 757
2025-04-20 10:50:49 | Episode 2172/3000 | Score:  23 | Reward: 144.3 | Epsilon: 0.00996568 | Steps: 781
2025-04-20 10:51:10 | Episode 2173/3000 | Score:   8 | Reward: 44.5 | Epsilon: 0.00996568 | Steps: 264
2025-04-20 10:51:41 | Episode 2174/3000 | Score:  16 | Reward: 108.8 | Epsilon: 0.00996568 | Steps: 429
2025-04-20 10:53:15 | Episode 2175/3000 | Score:  53 | Reward: 368.6 | Epsilon: 0.00996568 | Steps: 1568
2025-04-20 10:53:15 | ✅ Modell gespeichert: models/V4\snake_model_v2175.h5
2025-04-20 10:53:36 | Episode 2176/3000 | Score:  12 | Reward: 85.0 | Epsilon: 0.00996568 | Steps: 263
2025-04-20 10:54:26 | Episode 2177/3000 | Score:  30 | Reward: 215.5 | Epsilon: 0.00996568 | Steps: 776
2025-04-20 10:55:16 | Episode 2178/3000 | Score:  29 | Reward: 205.6 | Epsilon: 0.00996568 | Steps: 774
2025-04-20 10:56:12 | Episode 2179/3000 | Score:  28 | Reward: 183.6 | Epsilon: 0.00996568 | Steps: 893
2025-04-20 10:57:32 | Episode 2180/3000 | Score:  42 | Reward: 281.7 | Epsilon: 0.00996568 | Steps: 1326
2025-04-20 10:58:22 | Episode 2181/3000 | Score:  24 | Reward: 154.4 | Epsilon: 0.00996568 | Steps: 781
2025-04-20 10:59:46 | Episode 2182/3000 | Score:  46 | Reward: 315.6 | Epsilon: 0.00996568 | Steps: 1391
2025-04-20 11:00:40 | Episode 2183/3000 | Score:  24 | Reward: 147.6 | Epsilon: 0.00996568 | Steps: 849
2025-04-20 11:01:58 | Episode 2184/3000 | Score:  39 | Reward: 254.6 | Epsilon: 0.00996568 | Steps: 1294
2025-04-20 11:02:27 | Episode 2185/3000 | Score:  14 | Reward: 92.4 | Epsilon: 0.00996568 | Steps: 391
2025-04-20 11:03:32 | Episode 2186/3000 | Score:  36 | Reward: 248.4 | Epsilon: 0.00996568 | Steps: 1053
2025-04-20 11:04:08 | Episode 2187/3000 | Score:  19 | Reward: 129.1 | Epsilon: 0.00996568 | Steps: 529
2025-04-20 11:05:10 | Episode 2188/3000 | Score:  31 | Reward: 203.1 | Epsilon: 0.00996568 | Steps: 1001
2025-04-20 11:05:57 | Episode 2189/3000 | Score:  26 | Reward: 179.8 | Epsilon: 0.00996568 | Steps: 729
2025-04-20 11:06:36 | Episode 2190/3000 | Score:  23 | Reward: 163.9 | Epsilon: 0.00996568 | Steps: 585
2025-04-20 11:07:34 | Episode 2191/3000 | Score:  29 | Reward: 190.5 | Epsilon: 0.00996568 | Steps: 925
2025-04-20 11:08:56 | Episode 2192/3000 | Score:  45 | Reward: 309.2 | Epsilon: 0.00996568 | Steps: 1354
2025-04-20 11:09:46 | Episode 2193/3000 | Score:  26 | Reward: 174.7 | Epsilon: 0.00996568 | Steps: 780
2025-04-20 11:10:22 | Episode 2194/3000 | Score:  21 | Reward: 148.4 | Epsilon: 0.00996568 | Steps: 538
2025-04-20 11:11:41 | Episode 2195/3000 | Score:  45 | Reward: 313.7 | Epsilon: 0.00996568 | Steps: 1309
2025-04-20 11:12:47 | Episode 2196/3000 | Score:  35 | Reward: 237.5 | Epsilon: 0.00996568 | Steps: 1061
2025-04-20 11:13:15 | Episode 2197/3000 | Score:  14 | Reward: 92.5 | Epsilon: 0.00996568 | Steps: 390
2025-04-20 11:14:11 | Episode 2198/3000 | Score:  30 | Reward: 205.1 | Epsilon: 0.00996568 | Steps: 880
2025-04-20 11:15:11 | Episode 2199/3000 | Score:  33 | Reward: 226.1 | Epsilon: 0.00996568 | Steps: 973
2025-04-20 11:16:11 | Episode 2200/3000 | Score:  34 | Reward: 237.1 | Epsilon: 0.00996568 | Steps: 964
2025-04-20 11:16:11 | ✅ Modell gespeichert: models/V4\snake_model_v2200.h5
2025-04-20 11:16:20 | Episode 2201/3000 | Score:   1 | Reward: -3.0 | Epsilon: 0.00996568 | Steps:  32
2025-04-20 11:17:05 | Episode 2202/3000 | Score:  22 | Reward: 144.6 | Epsilon: 0.00996568 | Steps: 677
2025-04-20 11:17:50 | Episode 2203/3000 | Score:  21 | Reward: 131.3 | Epsilon: 0.00996568 | Steps: 709
2025-04-20 11:18:18 | Episode 2204/3000 | Score:  14 | Reward: 95.1 | Epsilon: 0.00996568 | Steps: 364
2025-04-20 11:19:10 | Episode 2205/3000 | Score:  25 | Reward: 159.3 | Epsilon: 0.00996568 | Steps: 833
2025-04-20 11:19:56 | Episode 2206/3000 | Score:  20 | Reward: 121.7 | Epsilon: 0.00996568 | Steps: 704
2025-04-20 11:20:44 | Episode 2207/3000 | Score:  35 | Reward: 270.2 | Epsilon: 0.00996568 | Steps: 734
2025-04-20 11:21:04 | Episode 2208/3000 | Score:  10 | Reward: 66.2 | Epsilon: 0.00996568 | Steps: 249
2025-04-20 11:22:40 | Episode 2209/3000 | Score:  46 | Reward: 293.0 | Epsilon: 0.00996568 | Steps: 1617
2025-04-20 11:23:12 | Episode 2210/3000 | Score:  21 | Reward: 156.8 | Epsilon: 0.00996568 | Steps: 454
2025-04-20 11:24:13 | Episode 2211/3000 | Score:  34 | Reward: 235.9 | Epsilon: 0.00996568 | Steps: 976
2025-04-20 11:25:35 | Episode 2212/3000 | Score:  41 | Reward: 268.2 | Epsilon: 0.00996568 | Steps: 1360
2025-04-20 11:26:11 | Episode 2213/3000 | Score:  18 | Reward: 119.5 | Epsilon: 0.00996568 | Steps: 524
2025-04-20 11:27:16 | Episode 2214/3000 | Score:  37 | Reward: 257.5 | Epsilon: 0.00996568 | Steps: 1063
2025-04-20 11:29:15 | Episode 2215/3000 | Score:  70 | Reward: 493.7 | Epsilon: 0.00996568 | Steps: 2034
2025-04-20 11:30:20 | Episode 2216/3000 | Score:  32 | Reward: 208.2 | Epsilon: 0.00996568 | Steps: 1051
2025-04-20 11:31:36 | Episode 2217/3000 | Score:  43 | Reward: 299.8 | Epsilon: 0.00996568 | Steps: 1246
2025-04-20 11:31:53 | Episode 2218/3000 | Score:   4 | Reward: 12.5 | Epsilon: 0.00996568 | Steps: 180
2025-04-20 11:32:38 | Episode 2219/3000 | Score:  26 | Reward: 183.1 | Epsilon: 0.00996568 | Steps: 696
2025-04-20 11:33:02 | Episode 2220/3000 | Score:  11 | Reward: 70.3 | Epsilon: 0.00996568 | Steps: 309
2025-04-20 11:33:50 | Episode 2221/3000 | Score:  27 | Reward: 188.1 | Epsilon: 0.00996568 | Steps: 747
2025-04-20 11:35:11 | Episode 2222/3000 | Score:  43 | Reward: 291.4 | Epsilon: 0.00996568 | Steps: 1330
2025-04-20 11:35:28 | Episode 2223/3000 | Score:   7 | Reward: 42.8 | Epsilon: 0.00996568 | Steps: 180
2025-04-20 11:36:42 | Episode 2224/3000 | Score:  41 | Reward: 282.5 | Epsilon: 0.00996568 | Steps: 1217
2025-04-20 11:37:01 | Episode 2225/3000 | Score:   8 | Reward: 49.3 | Epsilon: 0.00996568 | Steps: 216
2025-04-20 11:37:01 | ✅ Modell gespeichert: models/V4\snake_model_v2225.h5
2025-04-20 11:37:41 | Episode 2226/3000 | Score:  21 | Reward: 142.3 | Epsilon: 0.00996568 | Steps: 599
2025-04-20 11:38:07 | Episode 2227/3000 | Score:  10 | Reward: 55.1 | Epsilon: 0.00996568 | Steps: 360
2025-04-20 11:39:13 | Episode 2228/3000 | Score:  30 | Reward: 186.2 | Epsilon: 0.00996568 | Steps: 1069
2025-04-20 11:40:24 | Episode 2229/3000 | Score:  36 | Reward: 237.6 | Epsilon: 0.00996568 | Steps: 1161
2025-04-20 11:41:06 | Episode 2230/3000 | Score:  21 | Reward: 138.8 | Epsilon: 0.00996568 | Steps: 634
2025-04-20 11:41:34 | Episode 2231/3000 | Score:  14 | Reward: 93.2 | Epsilon: 0.00996568 | Steps: 383
2025-04-20 11:42:03 | Episode 2232/3000 | Score:  13 | Reward: 81.7 | Epsilon: 0.00996568 | Steps: 397
2025-04-20 11:42:52 | Episode 2233/3000 | Score:  28 | Reward: 196.8 | Epsilon: 0.00996568 | Steps: 761
2025-04-20 11:43:53 | Episode 2234/3000 | Score:  30 | Reward: 194.3 | Epsilon: 0.00996568 | Steps: 988
2025-04-20 11:44:27 | Episode 2235/3000 | Score:  15 | Reward: 92.6 | Epsilon: 0.00996568 | Steps: 490
2025-04-20 11:45:24 | Episode 2236/3000 | Score:  37 | Reward: 274.3 | Epsilon: 0.00996568 | Steps: 895
2025-04-20 11:46:36 | Episode 2237/3000 | Score:  35 | Reward: 224.9 | Epsilon: 0.00996568 | Steps: 1187
2025-04-20 11:47:28 | Episode 2238/3000 | Score:  26 | Reward: 171.0 | Epsilon: 0.00996568 | Steps: 817
2025-04-20 11:48:34 | Episode 2239/3000 | Score:  41 | Reward: 296.9 | Epsilon: 0.00996568 | Steps: 1073
2025-04-20 11:50:51 | Episode 2240/3000 | Score:  73 | Reward: 491.0 | Epsilon: 0.00996568 | Steps: 2364
2025-04-20 11:52:40 | Episode 2241/3000 | Score:  58 | Reward: 390.4 | Epsilon: 0.00996568 | Steps: 1855
2025-04-20 11:54:24 | Episode 2242/3000 | Score:  53 | Reward: 348.7 | Epsilon: 0.00996568 | Steps: 1767
2025-04-20 11:55:21 | Episode 2243/3000 | Score:  36 | Reward: 260.7 | Epsilon: 0.00996568 | Steps: 930
2025-04-20 11:57:04 | Episode 2244/3000 | Score:  54 | Reward: 362.4 | Epsilon: 0.00996568 | Steps: 1731
2025-04-20 11:57:44 | Episode 2245/3000 | Score:  18 | Reward: 111.1 | Epsilon: 0.00996568 | Steps: 608
2025-04-20 11:58:55 | Episode 2246/3000 | Score:  46 | Reward: 339.1 | Epsilon: 0.00996568 | Steps: 1156
2025-04-20 11:59:38 | Episode 2247/3000 | Score:  30 | Reward: 226.9 | Epsilon: 0.00996568 | Steps: 662
2025-04-20 12:00:08 | Episode 2248/3000 | Score:  17 | Reward: 120.7 | Epsilon: 0.00996568 | Steps: 411
2025-04-20 12:01:21 | Episode 2249/3000 | Score:  36 | Reward: 233.2 | Epsilon: 0.00996568 | Steps: 1205
2025-04-20 12:02:07 | Episode 2250/3000 | Score:  19 | Reward: 112.1 | Epsilon: 0.00996568 | Steps: 699
2025-04-20 12:02:07 | ✅ Modell gespeichert: models/V4\snake_model_v2250.h5
2025-04-20 12:02:21 | Episode 2251/3000 | Score:   5 | Reward: 27.5 | Epsilon: 0.00996568 | Steps: 131
2025-04-20 12:03:00 | Episode 2252/3000 | Score:  22 | Reward: 154.6 | Epsilon: 0.00996568 | Steps: 577
2025-04-20 12:04:20 | Episode 2253/3000 | Score:  38 | Reward: 242.3 | Epsilon: 0.00996568 | Steps: 1316
2025-04-20 12:05:49 | Episode 2254/3000 | Score:  52 | Reward: 366.4 | Epsilon: 0.00996568 | Steps: 1489
2025-04-20 12:06:58 | Episode 2255/3000 | Score:  35 | Reward: 230.0 | Epsilon: 0.00996568 | Steps: 1136
2025-04-20 12:07:26 | Episode 2256/3000 | Score:  12 | Reward: 74.4 | Epsilon: 0.00996568 | Steps: 369
2025-04-20 12:08:46 | Episode 2257/3000 | Score:  43 | Reward: 292.0 | Epsilon: 0.00996568 | Steps: 1324
2025-04-20 12:08:54 | Episode 2258/3000 | Score:   1 | Reward: -2.6 | Epsilon: 0.00996568 | Steps:  28
2025-04-20 12:10:07 | Episode 2259/3000 | Score:  36 | Reward: 235.0 | Epsilon: 0.00996568 | Steps: 1187
2025-04-20 12:11:46 | Episode 2260/3000 | Score:  47 | Reward: 296.8 | Epsilon: 0.00996568 | Steps: 1680
2025-04-20 12:12:18 | Episode 2261/3000 | Score:  14 | Reward: 87.3 | Epsilon: 0.00996568 | Steps: 442
2025-04-20 12:12:42 | Episode 2262/3000 | Score:  12 | Reward: 81.2 | Epsilon: 0.00996568 | Steps: 301
2025-04-20 12:13:30 | Episode 2263/3000 | Score:  23 | Reward: 146.6 | Epsilon: 0.00996568 | Steps: 758
2025-04-20 12:14:05 | Episode 2264/3000 | Score:  18 | Reward: 121.3 | Epsilon: 0.00996568 | Steps: 506
2025-04-20 12:15:11 | Episode 2265/3000 | Score:  29 | Reward: 176.1 | Epsilon: 0.00996568 | Steps: 1069
2025-04-20 12:15:31 | Episode 2266/3000 | Score:   9 | Reward: 58.9 | Epsilon: 0.00996568 | Steps: 221
2025-04-20 12:16:42 | Episode 2267/3000 | Score:  36 | Reward: 236.7 | Epsilon: 0.00996568 | Steps: 1170
2025-04-20 12:17:26 | Episode 2268/3000 | Score:  21 | Reward: 136.2 | Epsilon: 0.00996568 | Steps: 660
2025-04-20 12:18:37 | Episode 2269/3000 | Score:  32 | Reward: 195.9 | Epsilon: 0.00996568 | Steps: 1174
2025-04-20 12:19:09 | Episode 2270/3000 | Score:  11 | Reward: 56.6 | Epsilon: 0.00996568 | Steps: 446
2025-04-20 12:19:46 | Episode 2271/3000 | Score:  19 | Reward: 128.2 | Epsilon: 0.00996568 | Steps: 538
2025-04-20 12:20:39 | Episode 2272/3000 | Score:  28 | Reward: 188.5 | Epsilon: 0.00996568 | Steps: 844
2025-04-20 12:21:37 | Episode 2273/3000 | Score:  33 | Reward: 232.8 | Epsilon: 0.00996568 | Steps: 906
2025-04-20 12:22:47 | Episode 2274/3000 | Score:  37 | Reward: 251.9 | Epsilon: 0.00996568 | Steps: 1119
2025-04-20 12:24:01 | Episode 2275/3000 | Score:  45 | Reward: 322.1 | Epsilon: 0.00996568 | Steps: 1225
2025-04-20 12:24:01 | ✅ Modell gespeichert: models/V4\snake_model_v2275.h5
2025-04-20 12:25:38 | Episode 2276/3000 | Score:  50 | Reward: 331.3 | Epsilon: 0.00996568 | Steps: 1638
2025-04-20 12:27:04 | Episode 2277/3000 | Score:  45 | Reward: 301.2 | Epsilon: 0.00996568 | Steps: 1434
2025-04-20 12:27:40 | Episode 2278/3000 | Score:  17 | Reward: 108.3 | Epsilon: 0.00996568 | Steps: 535
2025-04-20 12:28:27 | Episode 2279/3000 | Score:  25 | Reward: 170.6 | Epsilon: 0.00996568 | Steps: 720
2025-04-20 12:29:04 | Episode 2280/3000 | Score:  20 | Reward: 138.3 | Epsilon: 0.00996568 | Steps: 538
2025-04-20 12:30:00 | Episode 2281/3000 | Score:  31 | Reward: 214.2 | Epsilon: 0.00996568 | Steps: 890
2025-04-20 12:30:49 | Episode 2282/3000 | Score:  29 | Reward: 205.6 | Epsilon: 0.00996568 | Steps: 774
2025-04-20 12:31:48 | Episode 2283/3000 | Score:  33 | Reward: 229.9 | Epsilon: 0.00996568 | Steps: 935
2025-04-20 12:32:40 | Episode 2284/3000 | Score:  29 | Reward: 202.0 | Epsilon: 0.00996568 | Steps: 810
2025-04-20 12:33:48 | Episode 2285/3000 | Score:  36 | Reward: 241.5 | Epsilon: 0.00996568 | Steps: 1122
2025-04-20 12:35:01 | Episode 2286/3000 | Score:  37 | Reward: 242.7 | Epsilon: 0.00996568 | Steps: 1211
